#
# There is insufficient memory for the Java Runtime Environment to continue.
# Native memory allocation (malloc) failed to allocate 32744 bytes for ChunkPool::allocate
# Possible reasons:
#   The system is out of physical RAM or swap space
#   In 32 bit mode, the process size limit was hit
# Possible solutions:
#   Reduce memory load on the system
#   Increase physical memory or swap space
#   Check if swap backing store is full
#   Use 64 bit Java on a 64 bit OS
#   Decrease Java heap size (-Xmx/-Xms)
#   Decrease number of Java threads
#   Decrease Java thread stack sizes (-Xss)
#   Set larger code cache with -XX:ReservedCodeCacheSize=
# This output file may be truncated or incomplete.
#
#  Out of Memory Error (allocation.cpp:273), pid=14592, tid=0x0000000000001214
#
# JRE version: OpenJDK Runtime Environment (8.0_76-b03) (build 1.8.0_76-release-b03)
# Java VM: OpenJDK 64-Bit Server VM (25.76-b03 mixed mode windows-amd64 compressed oops)
# Failed to write core dump. Minidumps are not enabled by default on client versions of Windows
#

---------------  T H R E A D  ---------------

Current thread (0x00000000150be000):  JavaThread "C1 CompilerThread3" daemon [_thread_in_native, id=4628, stack(0x0000000017ce0000,0x0000000017de0000)]

Stack: [0x0000000017ce0000,0x0000000017de0000]
[error occurred during error reporting (printing stack bounds), id 0xc0000005]

Native frames: (J=compiled Java code, j=interpreted, Vv=VM code, C=native code)


Current CompileTask:
C1:   2480  148   !   3       com.android.dx.cf.cst.ConstantPoolParser::parse0 (731 bytes)


---------------  P R O C E S S  ---------------

Java Threads: ( => current thread )
  0x0000000017170000 JavaThread "pool-3-thread-1" [_thread_new, id=14876, stack(0x0000000000000000,0x0000000000000000)]
  0x0000000017168800 JavaThread "pool-2-thread-1" [_thread_in_vm, id=6400, stack(0x0000000017fe0000,0x00000000180e0000)]
  0x0000000017089800 JavaThread "Service Thread" daemon [_thread_blocked, id=5480, stack(0x0000000017de0000,0x0000000017ee0000)]
=>0x00000000150be000 JavaThread "C1 CompilerThread3" daemon [_thread_in_native, id=4628, stack(0x0000000017ce0000,0x0000000017de0000)]
  0x00000000150bd800 JavaThread "C2 CompilerThread2" daemon [_thread_blocked, id=14696, stack(0x0000000017be0000,0x0000000017ce0000)]
  0x00000000150bc800 JavaThread "C2 CompilerThread1" daemon [_thread_blocked, id=4624, stack(0x0000000017ae0000,0x0000000017be0000)]
  0x0000000016faa800 JavaThread "C2 CompilerThread0" daemon [_thread_blocked, id=13884, stack(0x00000000179e0000,0x0000000017ae0000)]
  0x0000000016fa9000 JavaThread "Attach Listener" daemon [_thread_blocked, id=15336, stack(0x00000000178e0000,0x00000000179e0000)]
  0x0000000016ff8800 JavaThread "Signal Dispatcher" daemon [_thread_blocked, id=14864, stack(0x00000000177e0000,0x00000000178e0000)]
  0x000000000258e000 JavaThread "Finalizer" daemon [_thread_blocked, id=8584, stack(0x0000000017370000,0x0000000017470000)]
  0x0000000002585000 JavaThread "Reference Handler" daemon [_thread_blocked, id=2480, stack(0x0000000016e70000,0x0000000016f70000)]
  0x0000000002490800 JavaThread "main" [_thread_in_native, id=14980, stack(0x00000000022e0000,0x00000000023e0000)]

Other Threads:
  0x00000000150a7800 VMThread [stack: 0x0000000016d70000,0x0000000016e70000] [id=9776]
  0x00000000170aa000 WatcherThread [stack: 0x0000000017ee0000,0x0000000017fe0000] [id=14056]

VM state:not at safepoint (normal execution)

VM Mutex/Monitor currently owned by a thread: None

Heap:
 PSYoungGen      total 38400K, used 5324K [0x00000000eab00000, 0x00000000ed580000, 0x0000000100000000)
  eden space 33280K, 16% used [0x00000000eab00000,0x00000000eb033368,0x00000000ecb80000)
  from space 5120K, 0% used [0x00000000ed080000,0x00000000ed080000,0x00000000ed580000)
  to   space 5120K, 0% used [0x00000000ecb80000,0x00000000ecb80000,0x00000000ed080000)
 ParOldGen       total 87552K, used 0K [0x00000000c0000000, 0x00000000c5580000, 0x00000000eab00000)
  object space 87552K, 0% used [0x00000000c0000000,0x00000000c0000000,0x00000000c5580000)
 Metaspace       used 3742K, capacity 5104K, committed 5376K, reserved 1056768K
  class space    used 409K, capacity 488K, committed 512K, reserved 1048576K

Card table byte_map: [0x0000000011950000,0x0000000011b60000] byte_map_base: 0x0000000011350000

Marking Bits: (ParMarkBitMap*) 0x0000000072b59d00
 Begin Bits: [0x00000000124c0000, 0x00000000134c0000)
 End Bits:   [0x00000000134c0000, 0x00000000144c0000)

Polling page: 0x00000000023e0000

CodeCache: size=245760Kb used=1344Kb max_used=1344Kb free=244415Kb
 bounds [0x0000000002590000, 0x0000000002800000, 0x0000000011590000]
 total_blobs=400 nmethods=147 adapters=167
 compilation: enabled

Compilation events (10 events):
Event: 2.448 Thread 0x00000000150be000 nmethod 142 0x00000000026ddb10 code [0x00000000026ddc60, 0x00000000026ddd70]
Event: 2.450 Thread 0x00000000150be000  145       3       java.util.WeakHashMap::remove (133 bytes)
Event: 2.452 Thread 0x00000000150be000 nmethod 145 0x00000000026dc410 code [0x00000000026dc600, 0x00000000026dd0c8]
Event: 2.452 Thread 0x00000000150be000  144   !   3       java.util.zip.ZipFile$ZipFileInputStream::close (110 bytes)
Event: 2.453 Thread 0x00000000150be000 nmethod 144 0x00000000026dea10 code [0x00000000026debc0, 0x00000000026df3d8]
Event: 2.453 Thread 0x00000000150be000  146       3       com.android.dx.util.ByteArray::getUnsignedShort (25 bytes)
Event: 2.454 Thread 0x00000000150be000 nmethod 146 0x00000000026dbe10 code [0x00000000026dbf80, 0x00000000026dc268]
Event: 2.454 Thread 0x00000000150be000  147   !   3       com.android.dx.rop.cst.StdConstantPool::getOrNull (13 bytes)
Event: 2.455 Thread 0x00000000150be000 nmethod 147 0x00000000026df750 code [0x00000000026df940, 0x00000000026e0248]
Event: 2.455 Thread 0x00000000150be000  148   !   3       com.android.dx.cf.cst.ConstantPoolParser::parse0 (731 bytes)

GC Heap History (0 events):
No events

Deoptimization events (0 events):
No events

Internal exceptions (3 events):
Event: 0.082 Thread 0x0000000002490800 Exception <a 'java/lang/NoSuchMethodError': Method sun.misc.Unsafe.defineClass(Ljava/lang/String;[BII)Ljava/lang/Class; name or signature does not match> (0x00000000eab07cc0) thrown at [C:\src\android\AOSP-openjdk\external\jetbrains\jdk\hotspot\src\share\vม}ศFต?
Event: 0.082 Thread 0x0000000002490800 Exception <a 'java/lang/NoSuchMethodError': Method sun.misc.Unsafe.prefetchRead(Ljava/lang/Object;J)V name or signature does not match> (0x00000000eab07fa8) thrown at [C:\src\android\AOSP-openjdk\external\jetbrains\jdk\hotspot\src\share\vm\prims\jni.cpp, l(1tงค@
Event: 2.455 Thread 0x0000000002490800 Exception <a 'java/lang/OutOfMemoryError': unable to create new native thread> (0x00000000eae9b398) thrown at [C:\src\android\AOSP-openjdk\external\jetbrains\jdk\hotspot\src\share\vm\prims\jvm.cpp, line 3020]

Events (10 events):
Event: 2.433 loading class java/util/concurrent/RunnableFuture done
Event: 2.433 loading class java/util/concurrent/FutureTask done
Event: 2.434 loading class java/util/concurrent/FutureTask$WaitNode
Event: 2.434 loading class java/util/concurrent/FutureTask$WaitNode done
Event: 2.434 loading class java/util/concurrent/ThreadPoolExecutor$Worker
Event: 2.435 loading class java/util/concurrent/ThreadPoolExecutor$Worker done
Event: 2.437 Thread 0x0000000017168800 Thread added: 0x0000000017168800
Event: 2.444 loading class com/android/dx/command/dexer/Main$ClassDefItemConsumer
Event: 2.444 loading class com/android/dx/command/dexer/Main$ClassDefItemConsumer done
Event: 2.452 Thread 0x0000000017170000 Thread added: 0x0000000017170000


Dynamic libraries:
0x00007ff7a73d0000 - 0x00007ff7a7401000 	F:\Android\Android studio\jre\bin\java.exe
0x00007ffbba0c0000 - 0x00007ffbba26d000 	C:\Windows\SYSTEM32\ntdll.dll
0x00007ffbb80a0000 - 0x00007ffbb81da000 	C:\Windows\system32\KERNEL32.DLL
0x00007ffbb7080000 - 0x00007ffbb7195000 	C:\Windows\system32\KERNELBASE.dll
0x00007ffbb9960000 - 0x00007ffbb9a0a000 	C:\Windows\system32\ADVAPI32.dll
0x00007ffbb7f20000 - 0x00007ffbb8097000 	C:\Windows\system32\USER32.dll
0x00007ffbb4c50000 - 0x00007ffbb4eca000 	C:\Windows\WinSxS\amd64_microsoft.windows.common-controls_6595b64144ccf1df_6.0.9600.17810_none_6240b9c7ecbd0bda\COMCTL32.dll
0x00007ffbb7e70000 - 0x00007ffbb7f17000 	C:\Windows\system32\msvcrt.dll
0x00007ffbb9c30000 - 0x00007ffbb9c89000 	C:\Windows\SYSTEM32\sechost.dll
0x00007ffbb7c70000 - 0x00007ffbb7db0000 	C:\Windows\system32\RPCRT4.dll
0x00007ffbb8220000 - 0x00007ffbb836b000 	C:\Windows\system32\GDI32.dll
0x00007ffbb6f90000 - 0x00007ffbb6fbe000 	C:\Windows\system32\SspiCli.dll
0x00007ffbb81e0000 - 0x00007ffbb8214000 	C:\Windows\system32\IMM32.DLL
0x00007ffbb7560000 - 0x00007ffbb76b1000 	C:\Windows\system32\MSCTF.dll
0x0000000072be0000 - 0x0000000072cb2000 	F:\Android\Android studio\jre\jre\bin\msvcr100.dll
0x00000000723a0000 - 0x0000000072bd4000 	F:\Android\Android studio\jre\jre\bin\server\jvm.dll
0x00007ffb8f6a0000 - 0x00007ffb8f6a9000 	C:\Windows\SYSTEM32\WSOCK32.dll
0x00007ffbb7430000 - 0x00007ffbb744f000 	C:\Windows\system32\WINMM.dll
0x00007ffbb3df0000 - 0x00007ffbb3dfa000 	C:\Windows\SYSTEM32\VERSION.dll
0x00007ffbb9a10000 - 0x00007ffbb9a17000 	C:\Windows\system32\PSAPI.DLL
0x00007ffbb9b20000 - 0x00007ffbb9b7a000 	C:\Windows\system32\WS2_32.dll
0x00007ffbb6f40000 - 0x00007ffbb6f6a000 	C:\Windows\system32\WINMMBASE.dll
0x00007ffbb9950000 - 0x00007ffbb9959000 	C:\Windows\system32\NSI.dll
0x00007ffbb71a0000 - 0x00007ffbb71ea000 	C:\Windows\SYSTEM32\cfgmgr32.dll
0x00007ffbb6f10000 - 0x00007ffbb6f36000 	C:\Windows\system32\DEVOBJ.dll
0x00007ffbb1390000 - 0x00007ffbb139f000 	F:\Android\Android studio\jre\jre\bin\verify.dll
0x00007ffb92bd0000 - 0x00007ffb92bf9000 	F:\Android\Android studio\jre\jre\bin\java.dll
0x00007ffb9b8c0000 - 0x00007ffb9b8d6000 	F:\Android\Android studio\jre\jre\bin\zip.dll
0x00007ffbb8370000 - 0x00007ffbb9899000 	C:\Windows\system32\SHELL32.dll
0x00007ffbb9ea0000 - 0x00007ffbba0b2000 	C:\Windows\SYSTEM32\combase.dll
0x00007ffbb7db0000 - 0x00007ffbb7e01000 	C:\Windows\system32\SHLWAPI.dll
0x00007ffbb54b0000 - 0x00007ffbb554f000 	C:\Windows\SYSTEM32\SHCORE.dll
0x00007ffbb6e60000 - 0x00007ffbb6e74000 	C:\Windows\SYSTEM32\profapi.dll

VM Arguments:
jvm_args: -Djava.awt.headless=true -Xmx1024M -Dfile.encoding=GBK -Duser.country=CN -Duser.language=zh -Duser.variant 
java_command: com.android.dx.command.Main --dex --force-jumbo --num-threads=4 --multi-dex --output F:\Android\code\AgendaCalendarView-v.1.0.3\noteapp\build\intermediates\transforms\dex\debug\folders\1000\5\slice_0 F:\Android\code\AgendaCalendarView-v.1.0.3\noteapp\build\intermediates\transforms\instantRunSlicer\debug\folders\1\5\slice_0
java_class_path (initial): F:\BF\AppData\Local\Android\sdk\build-tools\26.0.0\lib\dx.jar
Launcher Type: SUN_STANDARD

Environment Variables:
CLASSPATH=.;%JAVA_HOME%\lib;%JAVA_HOME%\lib\tools.jar
PATH=C:\Program Files (x86)\Java\jdk1.8.0_144\bin;C:\Program Files (x86)\Java\jdk1.8.0_144\jre\bin;C:\ProgramData\Oracle\Java\javapath;%JAVA_HOME%\bin;%JAVA_HOME%\jre\bin;C:\Program Files (x86)\NVIDIA Corporation\PhysX\Common;C:\Program Files (x86)\Intel\iCLS Client\;C:\Program Files\Intel\iCLS Client\;C:\Windows\system32;C:\Windows;C:\Windows\System32\Wbem;C:\Windows\System32\WindowsPowerShell\v1.0\;C:\Program Files\Intel\Intel(R) Management Engine Components\DAL;C:\Program Files (x86)\Intel\Intel(R) Management Engine Components\DAL;C:\Program Files\Intel\Intel(R) Management Engine Components\IPT;C:\Program Files (x86)\Intel\Intel(R) Management Engine Components\IPT;C:\Program Files (x86)\GtkSharp\2.12\bin;D:\Mevan\apache-maven-3.5.2\bin;D:\Matlab\runtime\win64;D:\Matlab\bin;D:\Matlab\polyspace\bin;C:\Program Files\Microsoft SQL Server\110\DTS\Binn\;C:\Program Files (x86)\Microsoft SQL Server\110\Tools\Binn\;C:\Program Files\Microsoft SQL Server\110\Tools\Binn\;C:\Program Files (x86)\Microsoft SQL Server\110\Tools\Binn\ManagementStudio\;C:\Program Files (x86)\Microsoft Visual Studio 10.0\Common7\IDE\PrivateAssemblies\;C:\Program Files (x86)\Microsoft SQL Server\110\DTS\Binn\
USERNAME=27758_000
OS=Windows_NT
PROCESSOR_IDENTIFIER=Intel64 Family 6 Model 60 Stepping 3, GenuineIntel



---------------  S Y S T E M  ---------------

OS: Windows 8.1 , 64 bit Build 9600 (6.3.9600.17056)

CPU:total 8 (4 cores per cpu, 2 threads per core) family 6 model 60 stepping 3, cmov, cx8, fxsr, mmx, sse, sse2, sse3, ssse3, sse4.1, sse4.2, popcnt, avx, avx2, aes, clmul, erms, lzcnt, ht, tsc, tscinvbit, bmi1, bmi2

Memory: 4k page, physical 8274896k(1003200k free), swap 11420624k(9072k free)

vm_info: OpenJDK 64-Bit Server VM (25.76-b03) for windows-amd64 JRE (1.8.0_76-release-b03), built on Jun 29 2016 19:09:20 by "ralucas" with MS VC++ 10.0 (VS2010)

time: Wed Dec 06 20:49:22 2017
elapsed time: 2 seconds (0d 0h 0m 2s)

