#
# There is insufficient memory for the Java Runtime Environment to continue.
# Native memory allocation (malloc) failed to allocate 1048576 bytes for AllocateHeap
# Possible reasons:
#   The system is out of physical RAM or swap space
#   In 32 bit mode, the process size limit was hit
# Possible solutions:
#   Reduce memory load on the system
#   Increase physical memory or swap space
#   Check if swap backing store is full
#   Use 64 bit Java on a 64 bit OS
#   Decrease Java heap size (-Xmx/-Xms)
#   Decrease number of Java threads
#   Decrease Java thread stack sizes (-Xss)
#   Set larger code cache with -XX:ReservedCodeCacheSize=
# This output file may be truncated or incomplete.
#
#  Out of Memory Error (memory/allocation.inline.hpp:61), pid=14028, tid=0x0000000000001de8
#
# JRE version:  (8.0_76-b03) (build )
# Java VM: OpenJDK 64-Bit Server VM (25.76-b03 mixed mode windows-amd64 compressed oops)
# Failed to write core dump. Minidumps are not enabled by default on client versions of Windows
#

---------------  T H R E A D  ---------------

Current thread (0x0000000002912800):  JavaThread "Unknown thread" [_thread_in_vm, id=7656, stack(0x00000000027a0000,0x00000000028a0000)]

Stack: [0x00000000027a0000,0x00000000028a0000]
[error occurred during error reporting (printing stack bounds), id 0xc0000005]

Native frames: (J=compiled Java code, j=interpreted, Vv=VM code, C=native code)


---------------  P R O C E S S  ---------------

Java Threads: ( => current thread )

Other Threads:

=>0x0000000002912800 (exited) JavaThread "Unknown thread" [_thread_in_vm, id=7656, stack(0x00000000027a0000,0x00000000028a0000)]

VM state:not at safepoint (normal execution)

VM Mutex/Monitor currently owned by a thread: None

Heap:
 PSYoungGen      total 38400K, used 665K [0x00000000eab00000, 0x00000000ed580000, 0x0000000100000000)
  eden space 33280K, 2% used [0x00000000eab00000,0x00000000eaba6670,0x00000000ecb80000)
  from space 5120K, 0% used [0x00000000ed080000,0x00000000ed080000,0x00000000ed580000)
  to   space 5120K, 0% used [0x00000000ecb80000,0x00000000ecb80000,0x00000000ed080000)
 ParOldGen       total 87552K, used 0K [0x00000000c0000000, 0x00000000c5580000, 0x00000000eab00000)
  object space 87552K, 0% used [0x00000000c0000000,0x00000000c0000000,0x00000000c5580000)
 Metaspace       used 771K, capacity 4480K, committed 4480K, reserved 1056768K
  class space    used 73K, capacity 384K, committed 384K, reserved 1048576K

Card table byte_map: [0x0000000011dd0000,0x0000000011fe0000] byte_map_base: 0x00000000117d0000

Marking Bits: (ParMarkBitMap*) 0x0000000072b59d00
 Begin Bits: [0x0000000012940000, 0x0000000013940000)
 End Bits:   [0x0000000013940000, 0x0000000014940000)

Polling page: 0x0000000000d20000

CodeCache: size=245760Kb used=328Kb max_used=328Kb free=245431Kb
 bounds [0x0000000002a10000, 0x0000000002c80000, 0x0000000011a10000]
 total_blobs=57 nmethods=0 adapters=38
 compilation: enabled

Compilation events (0 events):
No events

GC Heap History (0 events):
No events

Deoptimization events (0 events):
No events

Internal exceptions (0 events):
No events

Events (10 events):
Event: 0.946 loading class java/lang/Short
Event: 0.947 loading class java/lang/Short done
Event: 0.947 loading class java/lang/Integer
Event: 0.947 loading class java/lang/Integer done
Event: 0.947 loading class java/lang/Long
Event: 0.948 loading class java/lang/Long done
Event: 0.957 loading class java/lang/NullPointerException
Event: 0.958 loading class java/lang/NullPointerException done
Event: 0.958 loading class java/lang/ArithmeticException
Event: 0.958 loading class java/lang/ArithmeticException done


Dynamic libraries:
0x00007ff7a73d0000 - 0x00007ff7a7401000 	F:\Android\Android studio\jre\bin\java.exe
0x00007ffbba0c0000 - 0x00007ffbba26d000 	C:\Windows\SYSTEM32\ntdll.dll
0x00007ffbb80a0000 - 0x00007ffbb81da000 	C:\Windows\system32\KERNEL32.DLL
0x00007ffbb7080000 - 0x00007ffbb7195000 	C:\Windows\system32\KERNELBASE.dll
0x00007ffbb9960000 - 0x00007ffbb9a0a000 	C:\Windows\system32\ADVAPI32.dll
0x00007ffbb7f20000 - 0x00007ffbb8097000 	C:\Windows\system32\USER32.dll
0x00007ffbb4c50000 - 0x00007ffbb4eca000 	C:\Windows\WinSxS\amd64_microsoft.windows.common-controls_6595b64144ccf1df_6.0.9600.17810_none_6240b9c7ecbd0bda\COMCTL32.dll
0x00007ffbb7e70000 - 0x00007ffbb7f17000 	C:\Windows\system32\msvcrt.dll
0x00007ffbb9c30000 - 0x00007ffbb9c89000 	C:\Windows\SYSTEM32\sechost.dll
0x00007ffbb7c70000 - 0x00007ffbb7db0000 	C:\Windows\system32\RPCRT4.dll
0x00007ffbb8220000 - 0x00007ffbb836b000 	C:\Windows\system32\GDI32.dll
0x00007ffbb6f90000 - 0x00007ffbb6fbe000 	C:\Windows\system32\SspiCli.dll
0x00007ffbb81e0000 - 0x00007ffbb8214000 	C:\Windows\system32\IMM32.DLL
0x00007ffbb7560000 - 0x00007ffbb76b1000 	C:\Windows\system32\MSCTF.dll
0x0000000072be0000 - 0x0000000072cb2000 	F:\Android\Android studio\jre\jre\bin\msvcr100.dll
0x00000000723a0000 - 0x0000000072bd4000 	F:\Android\Android studio\jre\jre\bin\server\jvm.dll
0x00007ffb8f6a0000 - 0x00007ffb8f6a9000 	C:\Windows\SYSTEM32\WSOCK32.dll
0x00007ffbb7430000 - 0x00007ffbb744f000 	C:\Windows\system32\WINMM.dll
0x00007ffbb3df0000 - 0x00007ffbb3dfa000 	C:\Windows\SYSTEM32\VERSION.dll
0x00007ffbb9a10000 - 0x00007ffbb9a17000 	C:\Windows\system32\PSAPI.DLL
0x00007ffbb9b20000 - 0x00007ffbb9b7a000 	C:\Windows\system32\WS2_32.dll
0x00007ffbb6f40000 - 0x00007ffbb6f6a000 	C:\Windows\system32\WINMMBASE.dll
0x00007ffbb9950000 - 0x00007ffbb9959000 	C:\Windows\system32\NSI.dll
0x00007ffbb71a0000 - 0x00007ffbb71ea000 	C:\Windows\SYSTEM32\cfgmgr32.dll
0x00007ffbb6f10000 - 0x00007ffbb6f36000 	C:\Windows\system32\DEVOBJ.dll
0x00007ffbb1390000 - 0x00007ffbb139f000 	F:\Android\Android studio\jre\jre\bin\verify.dll
0x00007ffb92bd0000 - 0x00007ffb92bf9000 	F:\Android\Android studio\jre\jre\bin\java.dll
0x00007ffb9b8c0000 - 0x00007ffb9b8d6000 	F:\Android\Android studio\jre\jre\bin\zip.dll

VM Arguments:
jvm_args: -Djava.awt.headless=true -Xmx1024M -Dfile.encoding=GBK -Duser.country=CN -Duser.language=zh -Duser.variant 
java_command: com.android.dx.command.Main --dex --force-jumbo --num-threads=4 --multi-dex --output F:\Android\code\AgendaCalendarView-v.1.0.3\noteapp\build\intermediates\transforms\dex\debug\folders\1000\10\com.android.support-support-core-ui-26.0.0-alpha1_94a4cc75b89b2d82cfbca5ce14dc6a8c59bc2ad3 F:\Android\code\AgendaCalendarView-v.1.0.3\noteapp\build\intermediates\exploded-aar\com.android.support\support-core-ui\26.0.0-alpha1\jars\classes.jar
java_class_path (initial): F:\BF\AppData\Local\Android\sdk\build-tools\26.0.0\lib\dx.jar
Launcher Type: SUN_STANDARD

Environment Variables:
CLASSPATH=.;%JAVA_HOME%\lib;%JAVA_HOME%\lib\tools.jar
PATH=C:\Program Files (x86)\Java\jdk1.8.0_144\bin;C:\Program Files (x86)\Java\jdk1.8.0_144\jre\bin;C:\ProgramData\Oracle\Java\javapath;%JAVA_HOME%\bin;%JAVA_HOME%\jre\bin;C:\Program Files (x86)\NVIDIA Corporation\PhysX\Common;C:\Program Files (x86)\Intel\iCLS Client\;C:\Program Files\Intel\iCLS Client\;C:\Windows\system32;C:\Windows;C:\Windows\System32\Wbem;C:\Windows\System32\WindowsPowerShell\v1.0\;C:\Program Files\Intel\Intel(R) Management Engine Components\DAL;C:\Program Files (x86)\Intel\Intel(R) Management Engine Components\DAL;C:\Program Files\Intel\Intel(R) Management Engine Components\IPT;C:\Program Files (x86)\Intel\Intel(R) Management Engine Components\IPT;C:\Program Files (x86)\GtkSharp\2.12\bin;D:\Mevan\apache-maven-3.5.2\bin;D:\Matlab\runtime\win64;D:\Matlab\bin;D:\Matlab\polyspace\bin;C:\Program Files\Microsoft SQL Server\110\DTS\Binn\;C:\Program Files (x86)\Microsoft SQL Server\110\Tools\Binn\;C:\Program Files\Microsoft SQL Server\110\Tools\Binn\;C:\Program Files (x86)\Microsoft SQL Server\110\Tools\Binn\ManagementStudio\;C:\Program Files (x86)\Microsoft Visual Studio 10.0\Common7\IDE\PrivateAssemblies\;C:\Program Files (x86)\Microsoft SQL Server\110\DTS\Binn\
USERNAME=27758_000
OS=Windows_NT
PROCESSOR_IDENTIFIER=Intel64 Family 6 Model 60 Stepping 3, GenuineIntel



---------------  S Y S T E M  ---------------

OS: Windows 8.1 , 64 bit Build 9600 (6.3.9600.17056)

CPU:total 8 (4 cores per cpu, 2 threads per core) family 6 model 60 stepping 3, cmov, cx8, fxsr, mmx, sse, sse2, sse3, ssse3, sse4.1, sse4.2, popcnt, avx, avx2, aes, clmul, erms, lzcnt, ht, tsc, tscinvbit, bmi1, bmi2

Memory: 4k page, physical 8274896k(1047540k free), swap 11420624k(6004k free)

vm_info: OpenJDK 64-Bit Server VM (25.76-b03) for windows-amd64 JRE (1.8.0_76-release-b03), built on Jun 29 2016 19:09:20 by "ralucas" with MS VC++ 10.0 (VS2010)

time: Wed Dec 06 20:49:13 2017
elapsed time: 0 seconds (0d 0h 0m 0s)

