#
# There is insufficient memory for the Java Runtime Environment to continue.
# Native memory allocation (malloc) failed to allocate 69728 bytes for Chunk::new
# Possible reasons:
#   The system is out of physical RAM or swap space
#   In 32 bit mode, the process size limit was hit
# Possible solutions:
#   Reduce memory load on the system
#   Increase physical memory or swap space
#   Check if swap backing store is full
#   Use 64 bit Java on a 64 bit OS
#   Decrease Java heap size (-Xmx/-Xms)
#   Decrease number of Java threads
#   Decrease Java thread stack sizes (-Xss)
#   Set larger code cache with -XX:ReservedCodeCacheSize=
# This output file may be truncated or incomplete.
#
#  Out of Memory Error (allocation.cpp:390), pid=15356, tid=0x00000000000003a4
#
# JRE version: OpenJDK Runtime Environment (8.0_76-b03) (build 1.8.0_76-release-b03)
# Java VM: OpenJDK 64-Bit Server VM (25.76-b03 mixed mode windows-amd64 compressed oops)
# Failed to write core dump. Minidumps are not enabled by default on client versions of Windows
#

---------------  T H R E A D  ---------------

Current thread (0x000000001734e800):  JavaThread "C2 CompilerThread2" daemon [_thread_in_native, id=932, stack(0x0000000017f30000,0x0000000018030000)]

Stack: [0x0000000017f30000,0x0000000018030000]
[error occurred during error reporting (printing stack bounds), id 0xc0000005]

Native frames: (J=compiled Java code, j=interpreted, Vv=VM code, C=native code)


Current CompileTask:
C2:   3278 1246       4       com.android.dx.ssa.SsaMethod::forEachInsn (36 bytes)


---------------  P R O C E S S  ---------------

Java Threads: ( => current thread )
  0x0000000017636000 JavaThread "pool-2-thread-4" [_thread_in_Java, id=10888, stack(0x0000000018730000,0x0000000018830000)]
  0x0000000017635800 JavaThread "pool-2-thread-3" [_thread_in_Java, id=8948, stack(0x0000000018630000,0x0000000018730000)]
  0x000000001763d000 JavaThread "pool-2-thread-2" [_thread_in_Java, id=11852, stack(0x0000000018530000,0x0000000018630000)]
  0x0000000017610000 JavaThread "pool-3-thread-1" [_thread_blocked, id=9708, stack(0x0000000018430000,0x0000000018530000)]
  0x000000001760f000 JavaThread "pool-2-thread-1" [_thread_in_Java, id=5876, stack(0x0000000018330000,0x0000000018430000)]
  0x00000000173cd000 JavaThread "Service Thread" daemon [_thread_blocked, id=912, stack(0x0000000018130000,0x0000000018230000)]
  0x0000000017353800 JavaThread "C1 CompilerThread3" daemon [_thread_in_vm, id=15128, stack(0x0000000018030000,0x0000000018130000)]
=>0x000000001734e800 JavaThread "C2 CompilerThread2" daemon [_thread_in_native, id=932, stack(0x0000000017f30000,0x0000000018030000)]
  0x000000001734b800 JavaThread "C2 CompilerThread1" daemon [_thread_in_native, id=8064, stack(0x0000000017e30000,0x0000000017f30000)]
  0x0000000017347800 JavaThread "C2 CompilerThread0" daemon [_thread_in_native, id=6408, stack(0x0000000017d30000,0x0000000017e30000)]
  0x00000000172fb800 JavaThread "Attach Listener" daemon [_thread_blocked, id=14180, stack(0x0000000017c30000,0x0000000017d30000)]
  0x00000000172fa800 JavaThread "Signal Dispatcher" daemon [_thread_blocked, id=8576, stack(0x0000000017b30000,0x0000000017c30000)]
  0x00000000028c9000 JavaThread "Finalizer" daemon [_thread_blocked, id=14716, stack(0x00000000176c0000,0x00000000177c0000)]
  0x00000000153eb800 JavaThread "Reference Handler" daemon [_thread_blocked, id=9628, stack(0x00000000171c0000,0x00000000172c0000)]
  0x00000000027d2800 JavaThread "main" [_thread_in_Java, id=10644, stack(0x0000000002340000,0x0000000002440000)]

Other Threads:
  0x00000000153e7000 VMThread [stack: 0x00000000170c0000,0x00000000171c0000] [id=14700]
  0x00000000173ce000 WatcherThread [stack: 0x0000000018230000,0x0000000018330000] [id=8436]

VM state:not at safepoint (normal execution)

VM Mutex/Monitor currently owned by a thread: None

Heap:
 PSYoungGen      total 38400K, used 9308K [0x00000000eab00000, 0x00000000ef600000, 0x0000000100000000)
  eden space 33280K, 12% used [0x00000000eab00000,0x00000000eaf17610,0x00000000ecb80000)
  from space 5120K, 99% used [0x00000000ecb80000,0x00000000ed07fcc8,0x00000000ed080000)
  to   space 5120K, 0% used [0x00000000ef100000,0x00000000ef100000,0x00000000ef600000)
 ParOldGen       total 87552K, used 2714K [0x00000000c0000000, 0x00000000c5580000, 0x00000000eab00000)
  object space 87552K, 3% used [0x00000000c0000000,0x00000000c02a6958,0x00000000c5580000)
 Metaspace       used 6122K, capacity 7024K, committed 7296K, reserved 1056768K
  class space    used 583K, capacity 616K, committed 640K, reserved 1048576K

Card table byte_map: [0x0000000011c90000,0x0000000011ea0000] byte_map_base: 0x0000000011690000

Marking Bits: (ParMarkBitMap*) 0x0000000072b59d00
 Begin Bits: [0x0000000012800000, 0x0000000013800000)
 End Bits:   [0x0000000013800000, 0x0000000014800000)

Polling page: 0x0000000000bd0000

CodeCache: size=245760Kb used=5202Kb max_used=5202Kb free=240557Kb
 bounds [0x00000000028d0000, 0x0000000002df0000, 0x00000000118d0000]
 total_blobs=1576 nmethods=1302 adapters=188
 compilation: enabled

Compilation events (10 events):
Event: 3.270 Thread 0x000000001734b800 nmethod 1268 0x0000000002de8890 code [0x0000000002de8a00, 0x0000000002de9028]
Event: 3.270 Thread 0x000000001734b800 1303       4       com.android.dx.ssa.NormalSsaInsn::accept (25 bytes)
Event: 3.273 Thread 0x0000000017353800 1308       3       java.util.TreeMap::rotateRight (96 bytes)
Event: 3.273 Thread 0x0000000017353800 nmethod 1308 0x0000000002de82d0 code [0x0000000002de8440, 0x0000000002de8790]
Event: 3.274 Thread 0x0000000017353800 1309       3       com.android.dx.cf.direct.StdAttributeFactory::localVariableTable (98 bytes)
Event: 3.275 Thread 0x0000000017353800 nmethod 1309 0x0000000002de6310 code [0x0000000002de65c0, 0x0000000002de7718]
Event: 3.275 Thread 0x0000000017353800 1310       3       com.android.dx.util.LabeledList::rebuildLabelToIndex (46 bytes)
Event: 3.276 Thread 0x0000000017353800 nmethod 1310 0x0000000002de58d0 code [0x0000000002de5a80, 0x0000000002de6108]
Event: 3.276 Thread 0x0000000017353800 1311       3       com.android.dx.rop.code.BasicBlockList$RegCountVisitor::visitThrowingInsn (6 bytes)
Event: 3.276 Thread 0x0000000017353800 nmethod 1311 0x0000000002de9510 code [0x0000000002de9680, 0x0000000002de9808]

GC Heap History (2 events):
Event: 3.087 GC heap before
{Heap before GC invocations=1 (full 0):
 PSYoungGen      total 38400K, used 33280K [0x00000000eab00000, 0x00000000ed580000, 0x0000000100000000)
  eden space 33280K, 100% used [0x00000000eab00000,0x00000000ecb80000,0x00000000ecb80000)
  from space 5120K, 0% used [0x00000000ed080000,0x00000000ed080000,0x00000000ed580000)
  to   space 5120K, 0% used [0x00000000ecb80000,0x00000000ecb80000,0x00000000ed080000)
 ParOldGen       total 87552K, used 0K [0x00000000c0000000, 0x00000000c5580000, 0x00000000eab00000)
  object space 87552K, 0% used [0x00000000c0000000,0x00000000c0000000,0x00000000c5580000)
 Metaspace       used 6104K, capacity 7024K, committed 7296K, reserved 1056768K
  class space    used 583K, capacity 616K, committed 640K, reserved 1048576K
Event: 3.244 GC heap after
Heap after GC invocations=1 (full 0):
 PSYoungGen      total 38400K, used 5119K [0x00000000eab00000, 0x00000000ef600000, 0x0000000100000000)
  eden space 33280K, 0% used [0x00000000eab00000,0x00000000eab00000,0x00000000ecb80000)
  from space 5120K, 99% used [0x00000000ecb80000,0x00000000ed07fcc8,0x00000000ed080000)
  to   space 5120K, 0% used [0x00000000ef100000,0x00000000ef100000,0x00000000ef600000)
 ParOldGen       total 87552K, used 2714K [0x00000000c0000000, 0x00000000c5580000, 0x00000000eab00000)
  object space 87552K, 3% used [0x00000000c0000000,0x00000000c02a6958,0x00000000c5580000)
 Metaspace       used 6104K, capacity 7024K, committed 7296K, reserved 1056768K
  class space    used 583K, capacity 616K, committed 640K, reserved 1048576K
}

Deoptimization events (10 events):
Event: 1.258 Thread 0x000000001763d000 Uncommon trap: reason=unstable_if action=reinterpret pc=0x0000000002aed608 method=java.util.HashMap.getNode(ILjava/lang/Object;)Ljava/util/HashMap$Node; @ 129
Event: 1.598 Thread 0x0000000017635800 Uncommon trap: reason=unstable_if action=reinterpret pc=0x0000000002aea330 method=java.util.BitSet.nextSetBit(I)I @ 87
Event: 2.267 Thread 0x00000000027d2800 Uncommon trap: reason=unstable_if action=reinterpret pc=0x0000000002baab94 method=java.lang.String.<init>([CII)V @ 18
Event: 2.804 Thread 0x000000001763d000 Uncommon trap: reason=unstable_if action=reinterpret pc=0x0000000002ce5ec4 method=com.android.dx.ssa.SsaRenamer$BlockRenamer.addMapping(ILcom/android/dx/rop/code/RegisterSpec;)V @ 120
Event: 2.862 Thread 0x000000001763d000 Uncommon trap: reason=class_check action=maybe_recompile pc=0x0000000002b6e3f0 method=com.android.dx.ssa.NormalSsaInsn.accept(Lcom/android/dx/ssa/SsaInsn$Visitor;)V @ 9
Event: 2.940 Thread 0x000000001763d000 Uncommon trap: reason=class_check action=maybe_recompile pc=0x0000000002d7f298 method=com.android.dx.ssa.NormalSsaInsn.accept(Lcom/android/dx/ssa/SsaInsn$Visitor;)V @ 9
Event: 2.967 Thread 0x000000001763d000 Uncommon trap: reason=class_check action=maybe_recompile pc=0x0000000002d7f298 method=com.android.dx.ssa.NormalSsaInsn.accept(Lcom/android/dx/ssa/SsaInsn$Visitor;)V @ 9
Event: 2.970 Thread 0x0000000017636000 Uncommon trap: reason=class_check action=maybe_recompile pc=0x0000000002d7f298 method=com.android.dx.ssa.NormalSsaInsn.accept(Lcom/android/dx/ssa/SsaInsn$Visitor;)V @ 9
Event: 2.970 Thread 0x0000000017636000 Uncommon trap: reason=class_check action=maybe_recompile pc=0x0000000002b00ff0 method=com.android.dx.ssa.NormalSsaInsn.accept(Lcom/android/dx/ssa/SsaInsn$Visitor;)V @ 9
Event: 2.971 Thread 0x000000001763d000 Uncommon trap: reason=class_check action=maybe_recompile pc=0x0000000002b6e3f0 method=com.android.dx.ssa.NormalSsaInsn.accept(Lcom/android/dx/ssa/SsaInsn$Visitor;)V @ 9

Internal exceptions (2 events):
Event: 0.177 Thread 0x00000000027d2800 Exception <a 'java/lang/NoSuchMethodError': Method sun.misc.Unsafe.defineClass(Ljava/lang/String;[BII)Ljava/lang/Class; name or signature does not match> (0x00000000eab07cc0) thrown at [C:\src\android\AOSP-openjdk\external\jetbrains\jdk\hotspot\src\share\vu‹#0“†Ç?
Event: 0.184 Thread 0x00000000027d2800 Exception <a 'java/lang/NoSuchMethodError': Method sun.misc.Unsafe.prefetchRead(Ljava/lang/Object;J)V name or signature does not match> (0x00000000eab07fa8) thrown at [C:\src\android\AOSP-openjdk\external\jetbrains\jdk\hotspot\src\share\vm\prims\jni.cpp, l

Events (10 events):
Event: 2.970 Thread 0x0000000017636000 DEOPT PACKING pc=0x0000000002d7f298 sp=0x000000001882e850
Event: 2.970 Thread 0x0000000017636000 DEOPT UNPACKING pc=0x000000000291556a sp=0x000000001882e790 mode 2
Event: 2.970 Thread 0x0000000017636000 Uncommon trap: trap_request=0xffffffde fr.pc=0x0000000002b00ff0
Event: 2.970 Thread 0x0000000017636000 DEOPT PACKING pc=0x0000000002b00ff0 sp=0x000000001882e7e0
Event: 2.970 Thread 0x0000000017636000 DEOPT UNPACKING pc=0x000000000291556a sp=0x000000001882e780 mode 2
Event: 2.971 Thread 0x000000001763d000 Uncommon trap: trap_request=0xffffffde fr.pc=0x0000000002b6e3f0
Event: 2.971 Thread 0x000000001763d000 DEOPT PACKING pc=0x0000000002b6e3f0 sp=0x000000001862e9d0
Event: 2.971 Thread 0x000000001763d000 DEOPT UNPACKING pc=0x000000000291556a sp=0x000000001862e920 mode 2
Event: 3.029 Executing VM operation: ParallelGCFailedAllocation
Event: 3.244 Executing VM operation: ParallelGCFailedAllocation done


Dynamic libraries:
0x00007ff7a73d0000 - 0x00007ff7a7401000 	F:\Android\Android studio\jre\bin\java.exe
0x00007ffbba0c0000 - 0x00007ffbba26d000 	C:\Windows\SYSTEM32\ntdll.dll
0x00007ffbb80a0000 - 0x00007ffbb81da000 	C:\Windows\system32\KERNEL32.DLL
0x00007ffbb7080000 - 0x00007ffbb7195000 	C:\Windows\system32\KERNELBASE.dll
0x00007ffbb9960000 - 0x00007ffbb9a0a000 	C:\Windows\system32\ADVAPI32.dll
0x00007ffbb7f20000 - 0x00007ffbb8097000 	C:\Windows\system32\USER32.dll
0x00007ffbb4c50000 - 0x00007ffbb4eca000 	C:\Windows\WinSxS\amd64_microsoft.windows.common-controls_6595b64144ccf1df_6.0.9600.17810_none_6240b9c7ecbd0bda\COMCTL32.dll
0x00007ffbb7e70000 - 0x00007ffbb7f17000 	C:\Windows\system32\msvcrt.dll
0x00007ffbb9c30000 - 0x00007ffbb9c89000 	C:\Windows\SYSTEM32\sechost.dll
0x00007ffbb7c70000 - 0x00007ffbb7db0000 	C:\Windows\system32\RPCRT4.dll
0x00007ffbb8220000 - 0x00007ffbb836b000 	C:\Windows\system32\GDI32.dll
0x00007ffbb6f90000 - 0x00007ffbb6fbe000 	C:\Windows\system32\SspiCli.dll
0x00007ffbb81e0000 - 0x00007ffbb8214000 	C:\Windows\system32\IMM32.DLL
0x00007ffbb7560000 - 0x00007ffbb76b1000 	C:\Windows\system32\MSCTF.dll
0x0000000072be0000 - 0x0000000072cb2000 	F:\Android\Android studio\jre\jre\bin\msvcr100.dll
0x00000000723a0000 - 0x0000000072bd4000 	F:\Android\Android studio\jre\jre\bin\server\jvm.dll
0x00007ffb8f6a0000 - 0x00007ffb8f6a9000 	C:\Windows\SYSTEM32\WSOCK32.dll
0x00007ffbb7430000 - 0x00007ffbb744f000 	C:\Windows\system32\WINMM.dll
0x00007ffbb3df0000 - 0x00007ffbb3dfa000 	C:\Windows\SYSTEM32\VERSION.dll
0x00007ffbb9a10000 - 0x00007ffbb9a17000 	C:\Windows\system32\PSAPI.DLL
0x00007ffbb9b20000 - 0x00007ffbb9b7a000 	C:\Windows\system32\WS2_32.dll
0x00007ffbb6f40000 - 0x00007ffbb6f6a000 	C:\Windows\system32\WINMMBASE.dll
0x00007ffbb9950000 - 0x00007ffbb9959000 	C:\Windows\system32\NSI.dll
0x00007ffbb71a0000 - 0x00007ffbb71ea000 	C:\Windows\SYSTEM32\cfgmgr32.dll
0x00007ffbb6f10000 - 0x00007ffbb6f36000 	C:\Windows\system32\DEVOBJ.dll
0x00007ffbb1390000 - 0x00007ffbb139f000 	F:\Android\Android studio\jre\jre\bin\verify.dll
0x00007ffb92bd0000 - 0x00007ffb92bf9000 	F:\Android\Android studio\jre\jre\bin\java.dll
0x00007ffb9b8c0000 - 0x00007ffb9b8d6000 	F:\Android\Android studio\jre\jre\bin\zip.dll
0x00007ffbb8370000 - 0x00007ffbb9899000 	C:\Windows\system32\SHELL32.dll
0x00007ffbb9ea0000 - 0x00007ffbba0b2000 	C:\Windows\SYSTEM32\combase.dll
0x00007ffbb7db0000 - 0x00007ffbb7e01000 	C:\Windows\system32\SHLWAPI.dll
0x00007ffbb54b0000 - 0x00007ffbb554f000 	C:\Windows\SYSTEM32\SHCORE.dll
0x00007ffbb6e60000 - 0x00007ffbb6e74000 	C:\Windows\SYSTEM32\profapi.dll

VM Arguments:
jvm_args: -Djava.awt.headless=true -Xmx1024M -Dfile.encoding=GBK -Duser.country=CN -Duser.language=zh -Duser.variant 
java_command: com.android.dx.command.Main --dex --force-jumbo --num-threads=4 --multi-dex --output F:\Android\code\AgendaCalendarView-v.1.0.3\noteapp\build\intermediates\transforms\dex\debug\folders\1000\10\retrofit-1.9.0_a5ea4aa591a475656a9598e7431d285defcbd3d9 C:\Users\27758_000\.gradle\caches\modules-2\files-2.1\com.squareup.retrofit\retrofit\1.9.0\a681c044244d9fc375198588297a39ba78028423\retrofit-1.9.0.jar
java_class_path (initial): F:\BF\AppData\Local\Android\sdk\build-tools\26.0.0\lib\dx.jar
Launcher Type: SUN_STANDARD

Environment Variables:
CLASSPATH=.;%JAVA_HOME%\lib;%JAVA_HOME%\lib\tools.jar
PATH=C:\Program Files (x86)\Java\jdk1.8.0_144\bin;C:\Program Files (x86)\Java\jdk1.8.0_144\jre\bin;C:\ProgramData\Oracle\Java\javapath;%JAVA_HOME%\bin;%JAVA_HOME%\jre\bin;C:\Program Files (x86)\NVIDIA Corporation\PhysX\Common;C:\Program Files (x86)\Intel\iCLS Client\;C:\Program Files\Intel\iCLS Client\;C:\Windows\system32;C:\Windows;C:\Windows\System32\Wbem;C:\Windows\System32\WindowsPowerShell\v1.0\;C:\Program Files\Intel\Intel(R) Management Engine Components\DAL;C:\Program Files (x86)\Intel\Intel(R) Management Engine Components\DAL;C:\Program Files\Intel\Intel(R) Management Engine Components\IPT;C:\Program Files (x86)\Intel\Intel(R) Management Engine Components\IPT;C:\Program Files (x86)\GtkSharp\2.12\bin;D:\Mevan\apache-maven-3.5.2\bin;D:\Matlab\runtime\win64;D:\Matlab\bin;D:\Matlab\polyspace\bin;C:\Program Files\Microsoft SQL Server\110\DTS\Binn\;C:\Program Files (x86)\Microsoft SQL Server\110\Tools\Binn\;C:\Program Files\Microsoft SQL Server\110\Tools\Binn\;C:\Program Files (x86)\Microsoft SQL Server\110\Tools\Binn\ManagementStudio\;C:\Program Files (x86)\Microsoft Visual Studio 10.0\Common7\IDE\PrivateAssemblies\;C:\Program Files (x86)\Microsoft SQL Server\110\DTS\Binn\
USERNAME=27758_000
OS=Windows_NT
PROCESSOR_IDENTIFIER=Intel64 Family 6 Model 60 Stepping 3, GenuineIntel



---------------  S Y S T E M  ---------------

OS: Windows 8.1 , 64 bit Build 9600 (6.3.9600.17056)

CPU:total 8 (4 cores per cpu, 2 threads per core) family 6 model 60 stepping 3, cmov, cx8, fxsr, mmx, sse, sse2, sse3, ssse3, sse4.1, sse4.2, popcnt, avx, avx2, aes, clmul, erms, lzcnt, ht, tsc, tscinvbit, bmi1, bmi2

Memory: 4k page, physical 8274896k(1011468k free), swap 11420624k(5148k free)

vm_info: OpenJDK 64-Bit Server VM (25.76-b03) for windows-amd64 JRE (1.8.0_76-release-b03), built on Jun 29 2016 19:09:20 by "ralucas" with MS VC++ 10.0 (VS2010)

time: Wed Dec 06 20:49:22 2017
elapsed time: 3 seconds (0d 0h 0m 3s)

