#
# There is insufficient memory for the Java Runtime Environment to continue.
# Native memory allocation (malloc) failed to allocate 32744 bytes for ChunkPool::allocate
# Possible reasons:
#   The system is out of physical RAM or swap space
#   In 32 bit mode, the process size limit was hit
# Possible solutions:
#   Reduce memory load on the system
#   Increase physical memory or swap space
#   Check if swap backing store is full
#   Use 64 bit Java on a 64 bit OS
#   Decrease Java heap size (-Xmx/-Xms)
#   Decrease number of Java threads
#   Decrease Java thread stack sizes (-Xss)
#   Set larger code cache with -XX:ReservedCodeCacheSize=
# This output file may be truncated or incomplete.
#
#  Out of Memory Error (allocation.cpp:273), pid=7260, tid=0x00000000000015cc
#
# JRE version: OpenJDK Runtime Environment (8.0_76-b03) (build 1.8.0_76-release-b03)
# Java VM: OpenJDK 64-Bit Server VM (25.76-b03 mixed mode windows-amd64 compressed oops)
# Failed to write core dump. Minidumps are not enabled by default on client versions of Windows
#

---------------  T H R E A D  ---------------

Current thread (0x00000000174b1800):  JavaThread "C1 CompilerThread3" daemon [_thread_in_native, id=5580, stack(0x0000000018140000,0x0000000018240000)]

Stack: [0x0000000018140000,0x0000000018240000]
[error occurred during error reporting (printing stack bounds), id 0xc0000005]

Native frames: (J=compiled Java code, j=interpreted, Vv=VM code, C=native code)


Current CompileTask:
C1:   3350 1169       3       com.android.dx.ssa.back.SsaToRop::removePhiFunctions (83 bytes)


---------------  P R O C E S S  ---------------

Java Threads: ( => current thread )
  0x00000000175f8000 JavaThread "pool-2-thread-4" [_thread_in_vm, id=4588, stack(0x0000000018840000,0x0000000018940000)]
  0x00000000175eb800 JavaThread "pool-2-thread-3" [_thread_in_Java, id=8036, stack(0x0000000018740000,0x0000000018840000)]
  0x00000000175e2800 JavaThread "pool-2-thread-2" [_thread_in_Java, id=15052, stack(0x0000000018640000,0x0000000018740000)]
  0x00000000175e2000 JavaThread "pool-3-thread-1" [_thread_blocked, id=10792, stack(0x0000000018540000,0x0000000018640000)]
  0x00000000175c1800 JavaThread "pool-2-thread-1" [_thread_in_Java, id=4088, stack(0x0000000018440000,0x0000000018540000)]
  0x00000000174ce800 JavaThread "Service Thread" daemon [_thread_blocked, id=14452, stack(0x0000000018240000,0x0000000018340000)]
=>0x00000000174b1800 JavaThread "C1 CompilerThread3" daemon [_thread_in_native, id=5580, stack(0x0000000018140000,0x0000000018240000)]
  0x00000000174ae800 JavaThread "C2 CompilerThread2" daemon [_thread_in_native, id=5888, stack(0x0000000018040000,0x0000000018140000)]
  0x00000000174a4000 JavaThread "C2 CompilerThread1" daemon [_thread_in_native, id=7112, stack(0x0000000017f40000,0x0000000018040000)]
  0x0000000017452000 JavaThread "C2 CompilerThread0" daemon [_thread_in_native, id=5472, stack(0x0000000017e40000,0x0000000017f40000)]
  0x0000000017450800 JavaThread "Attach Listener" daemon [_thread_blocked, id=5856, stack(0x0000000017d40000,0x0000000017e40000)]
  0x0000000017404800 JavaThread "Signal Dispatcher" daemon [_thread_blocked, id=5316, stack(0x0000000017c40000,0x0000000017d40000)]
  0x00000000173f0800 JavaThread "Finalizer" daemon [_thread_blocked, id=6576, stack(0x00000000177d0000,0x00000000178d0000)]
  0x00000000029e4000 JavaThread "Reference Handler" daemon [_thread_blocked, id=11044, stack(0x00000000172d0000,0x00000000173d0000)]
  0x00000000028f2800 JavaThread "main" [_thread_in_Java, id=13896, stack(0x00000000027a0000,0x00000000028a0000)]

Other Threads:
  0x0000000015507800 VMThread [stack: 0x00000000171d0000,0x00000000172d0000] [id=4564]
  0x00000000174d3000 WatcherThread [stack: 0x0000000018340000,0x0000000018440000] [id=15228]

VM state:not at safepoint (normal execution)

VM Mutex/Monitor currently owned by a thread: None

Heap:
 PSYoungGen      total 38400K, used 26967K [0x00000000eab00000, 0x00000000ed580000, 0x0000000100000000)
  eden space 33280K, 81% used [0x00000000eab00000,0x00000000ec555c78,0x00000000ecb80000)
  from space 5120K, 0% used [0x00000000ed080000,0x00000000ed080000,0x00000000ed580000)
  to   space 5120K, 0% used [0x00000000ecb80000,0x00000000ecb80000,0x00000000ed080000)
 ParOldGen       total 87552K, used 0K [0x00000000c0000000, 0x00000000c5580000, 0x00000000eab00000)
  object space 87552K, 0% used [0x00000000c0000000,0x00000000c0000000,0x00000000c5580000)
 Metaspace       used 5993K, capacity 6896K, committed 7040K, reserved 1056768K
  class space    used 580K, capacity 616K, committed 640K, reserved 1048576K

Card table byte_map: [0x0000000011db0000,0x0000000011fc0000] byte_map_base: 0x00000000117b0000

Marking Bits: (ParMarkBitMap*) 0x0000000072b59d00
 Begin Bits: [0x0000000012920000, 0x0000000013920000)
 End Bits:   [0x0000000013920000, 0x0000000014920000)

Polling page: 0x00000000023e0000

CodeCache: size=245760Kb used=4533Kb max_used=4539Kb free=241226Kb
 bounds [0x00000000029f0000, 0x0000000002e70000, 0x00000000119f0000]
 total_blobs=1439 nmethods=1164 adapters=188
 compilation: enabled

Compilation events (10 events):
Event: 3.333 Thread 0x00000000174b1800 1165       3       java.lang.Float::isNaN (12 bytes)
Event: 3.334 Thread 0x00000000174b1800 nmethod 1165 0x0000000002e62c90 code [0x0000000002e62de0, 0x0000000002e62f90]
Event: 3.340 Thread 0x00000000174b1800 1166       3       com.android.dx.rop.type.Type::isArray (19 bytes)
Event: 3.342 Thread 0x00000000174b1800 nmethod 1166 0x0000000002e625d0 code [0x0000000002e62760, 0x0000000002e62b08]
Event: 3.344 Thread 0x00000000174b1800 1167       3       com.android.dx.rop.cst.TypedConstant::getBasicType (8 bytes)
Event: 3.344 Thread 0x00000000174b1800 nmethod 1167 0x0000000002e62110 code [0x0000000002e62280, 0x0000000002e62528]
Event: 3.345 Thread 0x00000000174b1800 1168       3       com.android.dx.dex.file.OffsettedItem::<init> (44 bytes)
Event: 3.346 Thread 0x00000000174b1800 nmethod 1168 0x0000000002e61890 code [0x0000000002e61a40, 0x0000000002e61f18]
Event: 3.346 Thread 0x00000000174b1800 1169       3       com.android.dx.ssa.back.SsaToRop::removePhiFunctions (83 bytes)
Event: 3.347 Thread 0x00000000174ae800 1173       4       com.android.dx.rop.code.BasicBlockList$RegCountVisitor::visitPlainInsn (6 bytes)

GC Heap History (0 events):
No events

Deoptimization events (1 events):
Event: 1.698 Thread 0x00000000028f2800 Uncommon trap: reason=unstable_if action=reinterpret pc=0x0000000002b28710 method=java.lang.String.indexOf(II)I @ 49

Internal exceptions (2 events):
Event: 0.100 Thread 0x00000000028f2800 Exception <a 'java/lang/NoSuchMethodError': Method sun.misc.Unsafe.defineClass(Ljava/lang/String;[BII)Ljava/lang/Class; name or signature does not match> (0x00000000eab07cc0) thrown at [C:\src\android\AOSP-openjdk\external\jetbrains\jdk\hotspot\src\share\vçP ±ãôπ?
Event: 0.100 Thread 0x00000000028f2800 Exception <a 'java/lang/NoSuchMethodError': Method sun.misc.Unsafe.prefetchRead(Ljava/lang/Object;J)V name or signature does not match> (0x00000000eab07fa8) thrown at [C:\src\android\AOSP-openjdk\external\jetbrains\jdk\hotspot\src\share\vm\prims\jni.cpp, l

Events (10 events):
Event: 2.858 loading class java/util/concurrent/ThreadLocalRandom
Event: 2.866 loading class java/util/TreeMap$EntrySet
Event: 2.867 loading class java/util/TreeMap$EntrySet done
Event: 2.868 loading class java/util/TreeMap$EntryIterator
Event: 2.868 loading class java/util/TreeMap$EntryIterator done
Event: 2.868 Executing VM operation: Deoptimize
Event: 2.874 loading class java/util/Random
Event: 2.904 Executing VM operation: Deoptimize done
Event: 2.938 loading class java/util/Random done
Event: 2.938 loading class java/util/concurrent/ThreadLocalRandom done


Dynamic libraries:
0x00007ff7a73d0000 - 0x00007ff7a7401000 	F:\Android\Android studio\jre\bin\java.exe
0x00007ffbba0c0000 - 0x00007ffbba26d000 	C:\Windows\SYSTEM32\ntdll.dll
0x00007ffbb80a0000 - 0x00007ffbb81da000 	C:\Windows\system32\KERNEL32.DLL
0x00007ffbb7080000 - 0x00007ffbb7195000 	C:\Windows\system32\KERNELBASE.dll
0x00007ffbb9960000 - 0x00007ffbb9a0a000 	C:\Windows\system32\ADVAPI32.dll
0x00007ffbb7f20000 - 0x00007ffbb8097000 	C:\Windows\system32\USER32.dll
0x00007ffbb4c50000 - 0x00007ffbb4eca000 	C:\Windows\WinSxS\amd64_microsoft.windows.common-controls_6595b64144ccf1df_6.0.9600.17810_none_6240b9c7ecbd0bda\COMCTL32.dll
0x00007ffbb7e70000 - 0x00007ffbb7f17000 	C:\Windows\system32\msvcrt.dll
0x00007ffbb9c30000 - 0x00007ffbb9c89000 	C:\Windows\SYSTEM32\sechost.dll
0x00007ffbb7c70000 - 0x00007ffbb7db0000 	C:\Windows\system32\RPCRT4.dll
0x00007ffbb8220000 - 0x00007ffbb836b000 	C:\Windows\system32\GDI32.dll
0x00007ffbb6f90000 - 0x00007ffbb6fbe000 	C:\Windows\system32\SspiCli.dll
0x00007ffbb81e0000 - 0x00007ffbb8214000 	C:\Windows\system32\IMM32.DLL
0x00007ffbb7560000 - 0x00007ffbb76b1000 	C:\Windows\system32\MSCTF.dll
0x0000000072be0000 - 0x0000000072cb2000 	F:\Android\Android studio\jre\jre\bin\msvcr100.dll
0x00000000723a0000 - 0x0000000072bd4000 	F:\Android\Android studio\jre\jre\bin\server\jvm.dll
0x00007ffb8f6a0000 - 0x00007ffb8f6a9000 	C:\Windows\SYSTEM32\WSOCK32.dll
0x00007ffbb7430000 - 0x00007ffbb744f000 	C:\Windows\system32\WINMM.dll
0x00007ffbb3df0000 - 0x00007ffbb3dfa000 	C:\Windows\SYSTEM32\VERSION.dll
0x00007ffbb9a10000 - 0x00007ffbb9a17000 	C:\Windows\system32\PSAPI.DLL
0x00007ffbb9b20000 - 0x00007ffbb9b7a000 	C:\Windows\system32\WS2_32.dll
0x00007ffbb6f40000 - 0x00007ffbb6f6a000 	C:\Windows\system32\WINMMBASE.dll
0x00007ffbb9950000 - 0x00007ffbb9959000 	C:\Windows\system32\NSI.dll
0x00007ffbb71a0000 - 0x00007ffbb71ea000 	C:\Windows\SYSTEM32\cfgmgr32.dll
0x00007ffbb6f10000 - 0x00007ffbb6f36000 	C:\Windows\system32\DEVOBJ.dll
0x00007ffbb1390000 - 0x00007ffbb139f000 	F:\Android\Android studio\jre\jre\bin\verify.dll
0x00007ffb92bd0000 - 0x00007ffb92bf9000 	F:\Android\Android studio\jre\jre\bin\java.dll
0x00007ffb9b8c0000 - 0x00007ffb9b8d6000 	F:\Android\Android studio\jre\jre\bin\zip.dll
0x00007ffbb8370000 - 0x00007ffbb9899000 	C:\Windows\system32\SHELL32.dll
0x00007ffbb9ea0000 - 0x00007ffbba0b2000 	C:\Windows\SYSTEM32\combase.dll
0x00007ffbb7db0000 - 0x00007ffbb7e01000 	C:\Windows\system32\SHLWAPI.dll
0x00007ffbb54b0000 - 0x00007ffbb554f000 	C:\Windows\SYSTEM32\SHCORE.dll
0x00007ffbb6e60000 - 0x00007ffbb6e74000 	C:\Windows\SYSTEM32\profapi.dll

VM Arguments:
jvm_args: -Djava.awt.headless=true -Xmx1024M -Dfile.encoding=GBK -Duser.country=CN -Duser.language=zh -Duser.variant 
java_command: com.android.dx.command.Main --dex --force-jumbo --num-threads=4 --multi-dex --output F:\Android\code\AgendaCalendarView-v.1.0.3\noteapp\build\intermediates\transforms\dex\debug\folders\1000\10\com.google.android.gms-play-services-base-8.3.0_d09e6ae358c74bddd66d7f05b892940edbafe5eb F:\Android\code\AgendaCalendarView-v.1.0.3\noteapp\build\intermediates\exploded-aar\com.google.android.gms\play-services-base\8.3.0\jars\classes.jar
java_class_path (initial): F:\BF\AppData\Local\Android\sdk\build-tools\26.0.0\lib\dx.jar
Launcher Type: SUN_STANDARD

Environment Variables:
CLASSPATH=.;%JAVA_HOME%\lib;%JAVA_HOME%\lib\tools.jar
PATH=C:\Program Files (x86)\Java\jdk1.8.0_144\bin;C:\Program Files (x86)\Java\jdk1.8.0_144\jre\bin;C:\ProgramData\Oracle\Java\javapath;%JAVA_HOME%\bin;%JAVA_HOME%\jre\bin;C:\Program Files (x86)\NVIDIA Corporation\PhysX\Common;C:\Program Files (x86)\Intel\iCLS Client\;C:\Program Files\Intel\iCLS Client\;C:\Windows\system32;C:\Windows;C:\Windows\System32\Wbem;C:\Windows\System32\WindowsPowerShell\v1.0\;C:\Program Files\Intel\Intel(R) Management Engine Components\DAL;C:\Program Files (x86)\Intel\Intel(R) Management Engine Components\DAL;C:\Program Files\Intel\Intel(R) Management Engine Components\IPT;C:\Program Files (x86)\Intel\Intel(R) Management Engine Components\IPT;C:\Program Files (x86)\GtkSharp\2.12\bin;D:\Mevan\apache-maven-3.5.2\bin;D:\Matlab\runtime\win64;D:\Matlab\bin;D:\Matlab\polyspace\bin;C:\Program Files\Microsoft SQL Server\110\DTS\Binn\;C:\Program Files (x86)\Microsoft SQL Server\110\Tools\Binn\;C:\Program Files\Microsoft SQL Server\110\Tools\Binn\;C:\Program Files (x86)\Microsoft SQL Server\110\Tools\Binn\ManagementStudio\;C:\Program Files (x86)\Microsoft Visual Studio 10.0\Common7\IDE\PrivateAssemblies\;C:\Program Files (x86)\Microsoft SQL Server\110\DTS\Binn\
USERNAME=27758_000
OS=Windows_NT
PROCESSOR_IDENTIFIER=Intel64 Family 6 Model 60 Stepping 3, GenuineIntel



---------------  S Y S T E M  ---------------

OS: Windows 8.1 , 64 bit Build 9600 (6.3.9600.17056)

CPU:total 8 (4 cores per cpu, 2 threads per core) family 6 model 60 stepping 3, cmov, cx8, fxsr, mmx, sse, sse2, sse3, ssse3, sse4.1, sse4.2, popcnt, avx, avx2, aes, clmul, erms, lzcnt, ht, tsc, tscinvbit, bmi1, bmi2

Memory: 4k page, physical 8274896k(1033460k free), swap 11420624k(5144k free)

vm_info: OpenJDK 64-Bit Server VM (25.76-b03) for windows-amd64 JRE (1.8.0_76-release-b03), built on Jun 29 2016 19:09:20 by "ralucas" with MS VC++ 10.0 (VS2010)

time: Wed Dec 06 20:49:26 2017
elapsed time: 3 seconds (0d 0h 0m 3s)

