#
# There is insufficient memory for the Java Runtime Environment to continue.
# Native memory allocation (malloc) failed to allocate 358896 bytes for Chunk::new
# Possible reasons:
#   The system is out of physical RAM or swap space
#   In 32 bit mode, the process size limit was hit
# Possible solutions:
#   Reduce memory load on the system
#   Increase physical memory or swap space
#   Check if swap backing store is full
#   Use 64 bit Java on a 64 bit OS
#   Decrease Java heap size (-Xmx/-Xms)
#   Decrease number of Java threads
#   Decrease Java thread stack sizes (-Xss)
#   Set larger code cache with -XX:ReservedCodeCacheSize=
# This output file may be truncated or incomplete.
#
#  Out of Memory Error (allocation.cpp:390), pid=14408, tid=0x0000000000001a9c
#
# JRE version: OpenJDK Runtime Environment (8.0_76-b03) (build 1.8.0_76-release-b03)
# Java VM: OpenJDK 64-Bit Server VM (25.76-b03 mixed mode windows-amd64 compressed oops)
# Failed to write core dump. Minidumps are not enabled by default on client versions of Windows
#

---------------  T H R E A D  ---------------

Current thread (0x0000000016ef7800):  JavaThread "C2 CompilerThread0" daemon [_thread_in_native, id=6812, stack(0x00000000178e0000,0x00000000179e0000)]

Stack: [0x00000000178e0000,0x00000000179e0000]
[error occurred during error reporting (printing stack bounds), id 0xc0000005]

Native frames: (J=compiled Java code, j=interpreted, Vv=VM code, C=native code)


Current CompileTask:
C2:   3888 1565       4       com.android.dx.ssa.DeadCodeRemover::isCircularNoSideEffect (140 bytes)


---------------  P R O C E S S  ---------------

Java Threads: ( => current thread )
  0x0000000017feb800 JavaThread "pool-2-thread-4" [_thread_in_Java, id=2112, stack(0x0000000018ae0000,0x0000000018be0000)]
  0x0000000017f74000 JavaThread "pool-2-thread-3" [_thread_blocked, id=2796, stack(0x00000000189e0000,0x0000000018ae0000)]
  0x00000000171dd800 JavaThread "pool-2-thread-2" [_thread_blocked, id=10360, stack(0x00000000188e0000,0x00000000189e0000)]
  0x0000000017246800 JavaThread "pool-3-thread-1" [_thread_blocked, id=13920, stack(0x00000000187e0000,0x00000000188e0000)]
  0x0000000017235800 JavaThread "pool-2-thread-1" [_thread_blocked, id=6156, stack(0x00000000186e0000,0x00000000187e0000)]
  0x0000000016f5c800 JavaThread "Service Thread" daemon [_thread_blocked, id=13696, stack(0x0000000017ce0000,0x0000000017de0000)]
  0x0000000016f56800 JavaThread "C1 CompilerThread3" daemon [_thread_blocked, id=14424, stack(0x0000000017be0000,0x0000000017ce0000)]
  0x0000000016f4f800 JavaThread "C2 CompilerThread2" daemon [_thread_in_native, id=1288, stack(0x0000000017ae0000,0x0000000017be0000)]
  0x0000000016f4c800 JavaThread "C2 CompilerThread1" daemon [_thread_in_native, id=5244, stack(0x00000000179e0000,0x0000000017ae0000)]
=>0x0000000016ef7800 JavaThread "C2 CompilerThread0" daemon [_thread_in_native, id=6812, stack(0x00000000178e0000,0x00000000179e0000)]
  0x0000000016eac000 JavaThread "Attach Listener" daemon [_thread_blocked, id=14316, stack(0x00000000177e0000,0x00000000178e0000)]
  0x0000000016eab000 JavaThread "Signal Dispatcher" daemon [_thread_blocked, id=11188, stack(0x00000000176e0000,0x00000000177e0000)]
  0x000000000235e800 JavaThread "Finalizer" daemon [_thread_blocked, id=10356, stack(0x0000000017270000,0x0000000017370000)]
  0x0000000002354000 JavaThread "Reference Handler" daemon [_thread_blocked, id=15196, stack(0x0000000016d70000,0x0000000016e70000)]
  0x0000000002262800 JavaThread "main" [_thread_in_vm, id=8016, stack(0x0000000001e00000,0x0000000001f00000)]

Other Threads:
  0x0000000014f77800 VMThread [stack: 0x0000000016c70000,0x0000000016d70000] [id=14700]
  0x0000000016f5d800 WatcherThread [stack: 0x0000000017de0000,0x0000000017ee0000] [id=4584]

VM state:not at safepoint (normal execution)

VM Mutex/Monitor currently owned by a thread: None

Heap:
 PSYoungGen      total 71680K, used 32021K [0x00000000eab00000, 0x00000000ef600000, 0x0000000100000000)
  eden space 66560K, 40% used [0x00000000eab00000,0x00000000ec546010,0x00000000eec00000)
  from space 5120K, 99% used [0x00000000ef100000,0x00000000ef5ff710,0x00000000ef600000)
  to   space 5120K, 0% used [0x00000000eec00000,0x00000000eec00000,0x00000000ef100000)
 ParOldGen       total 87552K, used 5780K [0x00000000c0000000, 0x00000000c5580000, 0x00000000eab00000)
  object space 87552K, 6% used [0x00000000c0000000,0x00000000c05a5298,0x00000000c5580000)
 Metaspace       used 6087K, capacity 7088K, committed 7296K, reserved 1056768K
  class space    used 572K, capacity 616K, committed 640K, reserved 1048576K

Card table byte_map: [0x0000000011820000,0x0000000011a30000] byte_map_base: 0x0000000011220000

Marking Bits: (ParMarkBitMap*) 0x0000000072b59d00
 Begin Bits: [0x0000000012390000, 0x0000000013390000)
 End Bits:   [0x0000000013390000, 0x0000000014390000)

Polling page: 0x0000000000630000

CodeCache: size=245760Kb used=6792Kb max_used=6792Kb free=238967Kb
 bounds [0x0000000002460000, 0x0000000002b10000, 0x0000000011460000]
 total_blobs=1820 nmethods=1555 adapters=179
 compilation: enabled

Compilation events (10 events):
Event: 3.873 Thread 0x0000000016f56800 1539       1       java.util.HashMap$Node::getKey (5 bytes)
Event: 3.874 Thread 0x0000000016f56800 nmethod 1539 0x0000000002b06810 code [0x0000000002b06960, 0x0000000002b06a70]
Event: 3.874 Thread 0x0000000016f56800 1568       1       com.android.dx.ssa.PhiInsn::canThrow (2 bytes)
Event: 3.874 Thread 0x0000000016f56800 nmethod 1568 0x0000000002b06ad0 code [0x0000000002b06c20, 0x0000000002b06d30]
Event: 3.874 Thread 0x0000000016f56800 1573       3       com.android.dx.ssa.PhiInsn::updateSourcesToDefinitions (68 bytes)
Event: 3.875 Thread 0x0000000016f56800 nmethod 1573 0x0000000002b06d90 code [0x0000000002b06fa0, 0x0000000002b07b78]
Event: 3.875 Thread 0x0000000016f56800 1575       3       com.android.dx.ssa.back.FirstFitLocalCombiningAllocator::isEven (12 bytes)
Event: 3.875 Thread 0x0000000016f56800 nmethod 1575 0x0000000002b08190 code [0x0000000002b082e0, 0x0000000002b08470]
Event: 3.875 Thread 0x0000000016f56800 1574       3       com.android.dx.ssa.back.FirstFitLocalCombiningAllocator::access$100 (5 bytes)
Event: 3.875 Thread 0x0000000016f56800 nmethod 1574 0x0000000002b08510 code [0x0000000002b08680, 0x0000000002b08870]

GC Heap History (4 events):
Event: 2.386 GC heap before
{Heap before GC invocations=1 (full 0):
 PSYoungGen      total 38400K, used 33280K [0x00000000eab00000, 0x00000000ed580000, 0x0000000100000000)
  eden space 33280K, 100% used [0x00000000eab00000,0x00000000ecb80000,0x00000000ecb80000)
  from space 5120K, 0% used [0x00000000ed080000,0x00000000ed080000,0x00000000ed580000)
  to   space 5120K, 0% used [0x00000000ecb80000,0x00000000ecb80000,0x00000000ed080000)
 ParOldGen       total 87552K, used 0K [0x00000000c0000000, 0x00000000c5580000, 0x00000000eab00000)
  object space 87552K, 0% used [0x00000000c0000000,0x00000000c0000000,0x00000000c5580000)
 Metaspace       used 5875K, capacity 6960K, committed 7040K, reserved 1056768K
  class space    used 572K, capacity 616K, committed 640K, reserved 1048576K
Event: 2.468 GC heap after
Heap after GC invocations=1 (full 0):
 PSYoungGen      total 38400K, used 5094K [0x00000000eab00000, 0x00000000ef600000, 0x0000000100000000)
  eden space 33280K, 0% used [0x00000000eab00000,0x00000000eab00000,0x00000000ecb80000)
  from space 5120K, 99% used [0x00000000ecb80000,0x00000000ed0798c8,0x00000000ed080000)
  to   space 5120K, 0% used [0x00000000ef100000,0x00000000ef100000,0x00000000ef600000)
 ParOldGen       total 87552K, used 1082K [0x00000000c0000000, 0x00000000c5580000, 0x00000000eab00000)
  object space 87552K, 1% used [0x00000000c0000000,0x00000000c010ebe8,0x00000000c5580000)
 Metaspace       used 5875K, capacity 6960K, committed 7040K, reserved 1056768K
  class space    used 572K, capacity 616K, committed 640K, reserved 1048576K
}
Event: 3.234 GC heap before
{Heap before GC invocations=2 (full 0):
 PSYoungGen      total 38400K, used 38374K [0x00000000eab00000, 0x00000000ef600000, 0x0000000100000000)
  eden space 33280K, 100% used [0x00000000eab00000,0x00000000ecb80000,0x00000000ecb80000)
  from space 5120K, 99% used [0x00000000ecb80000,0x00000000ed0798c8,0x00000000ed080000)
  to   space 5120K, 0% used [0x00000000ef100000,0x00000000ef100000,0x00000000ef600000)
 ParOldGen       total 87552K, used 1082K [0x00000000c0000000, 0x00000000c5580000, 0x00000000eab00000)
  object space 87552K, 1% used [0x00000000c0000000,0x00000000c010ebe8,0x00000000c5580000)
 Metaspace       used 6042K, capacity 7088K, committed 7296K, reserved 1056768K
  class space    used 572K, capacity 616K, committed 640K, reserved 1048576K
Event: 3.425 GC heap after
Heap after GC invocations=2 (full 0):
 PSYoungGen      total 71680K, used 5117K [0x00000000eab00000, 0x00000000ef600000, 0x0000000100000000)
  eden space 66560K, 0% used [0x00000000eab00000,0x00000000eab00000,0x00000000eec00000)
  from space 5120K, 99% used [0x00000000ef100000,0x00000000ef5ff710,0x00000000ef600000)
  to   space 5120K, 0% used [0x00000000eec00000,0x00000000eec00000,0x00000000ef100000)
 ParOldGen       total 87552K, used 5780K [0x00000000c0000000, 0x00000000c5580000, 0x00000000eab00000)
  object space 87552K, 6% used [0x00000000c0000000,0x00000000c05a5298,0x00000000c5580000)
 Metaspace       used 6042K, capacity 7088K, committed 7296K, reserved 1056768K
  class space    used 572K, capacity 616K, committed 640K, reserved 1048576K
}

Deoptimization events (10 events):
Event: 3.179 Thread 0x0000000002262800 Uncommon trap: reason=unstable_if action=reinterpret pc=0x000000000299dd38 method=com.android.dx.rop.cst.StdConstantPool.set(ILcom/android/dx/rop/cst/Constant;)V @ 12
Event: 3.720 Thread 0x0000000017feb800 Uncommon trap: reason=bimorphic action=maybe_recompile pc=0x000000000274f134 method=java.util.HashMap.getNode(ILjava/lang/Object;)Ljava/util/HashMap$Node; @ 126
Event: 3.720 Thread 0x0000000017feb800 Uncommon trap: reason=bimorphic action=maybe_recompile pc=0x00000000026fff9c method=java.util.HashMap.getNode(ILjava/lang/Object;)Ljava/util/HashMap$Node; @ 126
Event: 3.793 Thread 0x0000000002262800 Uncommon trap: reason=uninitialized action=reinterpret pc=0x000000000296f278 method=com.android.dx.cf.code.BytecodeArray.parseInstruction(ILcom/android/dx/cf/code/BytecodeArray$Visitor;)I @ 999
Event: 3.795 Thread 0x0000000002262800 Uncommon trap: reason=bimorphic action=maybe_recompile pc=0x0000000002abd5b8 method=com.android.dx.ssa.SCCP.simulatePhi(Lcom/android/dx/ssa/PhiInsn;)V @ 124
Event: 3.795 Thread 0x0000000002262800 Uncommon trap: reason=bimorphic action=maybe_recompile pc=0x0000000002abd5b8 method=com.android.dx.ssa.SCCP.simulatePhi(Lcom/android/dx/ssa/PhiInsn;)V @ 124
Event: 3.795 Thread 0x0000000002262800 Uncommon trap: reason=bimorphic action=maybe_recompile pc=0x0000000002abd5b8 method=com.android.dx.ssa.SCCP.simulatePhi(Lcom/android/dx/ssa/PhiInsn;)V @ 124
Event: 3.795 Thread 0x0000000002262800 Uncommon trap: reason=bimorphic action=maybe_recompile pc=0x0000000002abd5b8 method=com.android.dx.ssa.SCCP.simulatePhi(Lcom/android/dx/ssa/PhiInsn;)V @ 124
Event: 3.823 Thread 0x00000000171dd800 Uncommon trap: reason=bimorphic action=maybe_recompile pc=0x000000000274f134 method=java.util.HashMap.getNode(ILjava/lang/Object;)Ljava/util/HashMap$Node; @ 126
Event: 3.868 Thread 0x0000000017f74000 Uncommon trap: reason=bimorphic action=maybe_recompile pc=0x00000000028ea30c method=java.util.HashMap.putVal(ILjava/lang/Object;Ljava/lang/Object;ZZ)Ljava/lang/Object; @ 203

Internal exceptions (2 events):
Event: 0.211 Thread 0x0000000002262800 Exception <a 'java/lang/NoSuchMethodError': Method sun.misc.Unsafe.defineClass(Ljava/lang/String;[BII)Ljava/lang/Class; name or signature does not match> (0x00000000eab07cc0) thrown at [C:\src\android\AOSP-openjdk\external\jetbrains\jdk\hotspot\src\share\v=We÷ÎË?
Event: 0.211 Thread 0x0000000002262800 Exception <a 'java/lang/NoSuchMethodError': Method sun.misc.Unsafe.prefetchRead(Ljava/lang/Object;J)V name or signature does not match> (0x00000000eab07fa8) thrown at [C:\src\android\AOSP-openjdk\external\jetbrains\jdk\hotspot\src\share\vm\prims\jni.cpp, l

Events (10 events):
Event: 3.795 Thread 0x0000000002262800 DEOPT UNPACKING pc=0x00000000024a556a sp=0x0000000001efe018 mode 2
Event: 3.795 Thread 0x0000000002262800 Uncommon trap: trap_request=0xffffffc6 fr.pc=0x0000000002abd5b8
Event: 3.795 Thread 0x0000000002262800 DEOPT PACKING pc=0x0000000002abd5b8 sp=0x0000000001efe050
Event: 3.795 Thread 0x0000000002262800 DEOPT UNPACKING pc=0x00000000024a556a sp=0x0000000001efe018 mode 2
Event: 3.823 Thread 0x00000000171dd800 Uncommon trap: trap_request=0xffffffc6 fr.pc=0x000000000274f134
Event: 3.823 Thread 0x00000000171dd800 DEOPT PACKING pc=0x000000000274f134 sp=0x00000000189de690
Event: 3.823 Thread 0x00000000171dd800 DEOPT UNPACKING pc=0x00000000024a556a sp=0x00000000189de610 mode 2
Event: 3.868 Thread 0x0000000017f74000 Uncommon trap: trap_request=0xffffffc6 fr.pc=0x00000000028ea30c
Event: 3.868 Thread 0x0000000017f74000 DEOPT PACKING pc=0x00000000028ea30c sp=0x0000000018ade8b0
Event: 3.868 Thread 0x0000000017f74000 DEOPT UNPACKING pc=0x00000000024a556a sp=0x0000000018ade838 mode 2


Dynamic libraries:
0x00007ff7a73d0000 - 0x00007ff7a7401000 	F:\Android\Android studio\jre\bin\java.exe
0x00007ffbba0c0000 - 0x00007ffbba26d000 	C:\Windows\SYSTEM32\ntdll.dll
0x00007ffbb80a0000 - 0x00007ffbb81da000 	C:\Windows\system32\KERNEL32.DLL
0x00007ffbb7080000 - 0x00007ffbb7195000 	C:\Windows\system32\KERNELBASE.dll
0x00007ffbb9960000 - 0x00007ffbb9a0a000 	C:\Windows\system32\ADVAPI32.dll
0x00007ffbb7f20000 - 0x00007ffbb8097000 	C:\Windows\system32\USER32.dll
0x00007ffbb4c50000 - 0x00007ffbb4eca000 	C:\Windows\WinSxS\amd64_microsoft.windows.common-controls_6595b64144ccf1df_6.0.9600.17810_none_6240b9c7ecbd0bda\COMCTL32.dll
0x00007ffbb7e70000 - 0x00007ffbb7f17000 	C:\Windows\system32\msvcrt.dll
0x00007ffbb9c30000 - 0x00007ffbb9c89000 	C:\Windows\SYSTEM32\sechost.dll
0x00007ffbb7c70000 - 0x00007ffbb7db0000 	C:\Windows\system32\RPCRT4.dll
0x00007ffbb8220000 - 0x00007ffbb836b000 	C:\Windows\system32\GDI32.dll
0x00007ffbb6f90000 - 0x00007ffbb6fbe000 	C:\Windows\system32\SspiCli.dll
0x00007ffbb81e0000 - 0x00007ffbb8214000 	C:\Windows\system32\IMM32.DLL
0x00007ffbb7560000 - 0x00007ffbb76b1000 	C:\Windows\system32\MSCTF.dll
0x0000000072be0000 - 0x0000000072cb2000 	F:\Android\Android studio\jre\jre\bin\msvcr100.dll
0x00000000723a0000 - 0x0000000072bd4000 	F:\Android\Android studio\jre\jre\bin\server\jvm.dll
0x00007ffb8f6a0000 - 0x00007ffb8f6a9000 	C:\Windows\SYSTEM32\WSOCK32.dll
0x00007ffbb7430000 - 0x00007ffbb744f000 	C:\Windows\system32\WINMM.dll
0x00007ffbb3df0000 - 0x00007ffbb3dfa000 	C:\Windows\SYSTEM32\VERSION.dll
0x00007ffbb9a10000 - 0x00007ffbb9a17000 	C:\Windows\system32\PSAPI.DLL
0x00007ffbb9b20000 - 0x00007ffbb9b7a000 	C:\Windows\system32\WS2_32.dll
0x00007ffbb6f40000 - 0x00007ffbb6f6a000 	C:\Windows\system32\WINMMBASE.dll
0x00007ffbb9950000 - 0x00007ffbb9959000 	C:\Windows\system32\NSI.dll
0x00007ffbb71a0000 - 0x00007ffbb71ea000 	C:\Windows\SYSTEM32\cfgmgr32.dll
0x00007ffbb6f10000 - 0x00007ffbb6f36000 	C:\Windows\system32\DEVOBJ.dll
0x00007ffbb1390000 - 0x00007ffbb139f000 	F:\Android\Android studio\jre\jre\bin\verify.dll
0x00007ffb92bd0000 - 0x00007ffb92bf9000 	F:\Android\Android studio\jre\jre\bin\java.dll
0x00007ffb9b8c0000 - 0x00007ffb9b8d6000 	F:\Android\Android studio\jre\jre\bin\zip.dll
0x00007ffbb8370000 - 0x00007ffbb9899000 	C:\Windows\system32\SHELL32.dll
0x00007ffbb9ea0000 - 0x00007ffbba0b2000 	C:\Windows\SYSTEM32\combase.dll
0x00007ffbb7db0000 - 0x00007ffbb7e01000 	C:\Windows\system32\SHLWAPI.dll
0x00007ffbb54b0000 - 0x00007ffbb554f000 	C:\Windows\SYSTEM32\SHCORE.dll
0x00007ffbb6e60000 - 0x00007ffbb6e74000 	C:\Windows\SYSTEM32\profapi.dll

VM Arguments:
jvm_args: -Djava.awt.headless=true -Xmx1024M -Dfile.encoding=GBK -Duser.country=CN -Duser.language=zh -Duser.variant 
java_command: com.android.dx.command.Main --dex --force-jumbo --num-threads=4 --multi-dex --output F:\Android\code\AgendaCalendarView-v.1.0.3\noteapp\build\intermediates\transforms\dex\debug\folders\1000\10\com.android.support-appcompat-v7-26.0.0-alpha1_0cb5dd0ff873462aa7d444b136d5df123ad044cb F:\Android\code\AgendaCalendarView-v.1.0.3\noteapp\build\intermediates\exploded-aar\com.android.support\appcompat-v7\26.0.0-alpha1\jars\classes.jar
java_class_path (initial): F:\BF\AppData\Local\Android\sdk\build-tools\26.0.0\lib\dx.jar
Launcher Type: SUN_STANDARD

Environment Variables:
CLASSPATH=.;%JAVA_HOME%\lib;%JAVA_HOME%\lib\tools.jar
PATH=C:\Program Files (x86)\Java\jdk1.8.0_144\bin;C:\Program Files (x86)\Java\jdk1.8.0_144\jre\bin;C:\ProgramData\Oracle\Java\javapath;%JAVA_HOME%\bin;%JAVA_HOME%\jre\bin;C:\Program Files (x86)\NVIDIA Corporation\PhysX\Common;C:\Program Files (x86)\Intel\iCLS Client\;C:\Program Files\Intel\iCLS Client\;C:\Windows\system32;C:\Windows;C:\Windows\System32\Wbem;C:\Windows\System32\WindowsPowerShell\v1.0\;C:\Program Files\Intel\Intel(R) Management Engine Components\DAL;C:\Program Files (x86)\Intel\Intel(R) Management Engine Components\DAL;C:\Program Files\Intel\Intel(R) Management Engine Components\IPT;C:\Program Files (x86)\Intel\Intel(R) Management Engine Components\IPT;C:\Program Files (x86)\GtkSharp\2.12\bin;D:\Mevan\apache-maven-3.5.2\bin;D:\Matlab\runtime\win64;D:\Matlab\bin;D:\Matlab\polyspace\bin;C:\Program Files\Microsoft SQL Server\110\DTS\Binn\;C:\Program Files (x86)\Microsoft SQL Server\110\Tools\Binn\;C:\Program Files\Microsoft SQL Server\110\Tools\Binn\;C:\Program Files (x86)\Microsoft SQL Server\110\Tools\Binn\ManagementStudio\;C:\Program Files (x86)\Microsoft Visual Studio 10.0\Common7\IDE\PrivateAssemblies\;C:\Program Files (x86)\Microsoft SQL Server\110\DTS\Binn\
USERNAME=27758_000
OS=Windows_NT
PROCESSOR_IDENTIFIER=Intel64 Family 6 Model 60 Stepping 3, GenuineIntel



---------------  S Y S T E M  ---------------

OS: Windows 8.1 , 64 bit Build 9600 (6.3.9600.17056)

CPU:total 8 (4 cores per cpu, 2 threads per core) family 6 model 60 stepping 3, cmov, cx8, fxsr, mmx, sse, sse2, sse3, ssse3, sse4.1, sse4.2, popcnt, avx, avx2, aes, clmul, erms, lzcnt, ht, tsc, tscinvbit, bmi1, bmi2

Memory: 4k page, physical 8274896k(1291100k free), swap 11420624k(5176k free)

vm_info: OpenJDK 64-Bit Server VM (25.76-b03) for windows-amd64 JRE (1.8.0_76-release-b03), built on Jun 29 2016 19:09:20 by "ralucas" with MS VC++ 10.0 (VS2010)

time: Wed Dec 06 20:46:15 2017
elapsed time: 3 seconds (0d 0h 0m 3s)

