#
# There is insufficient memory for the Java Runtime Environment to continue.
# Native memory allocation (malloc) failed to allocate 817456 bytes for Chunk::new
# Possible reasons:
#   The system is out of physical RAM or swap space
#   In 32 bit mode, the process size limit was hit
# Possible solutions:
#   Reduce memory load on the system
#   Increase physical memory or swap space
#   Check if swap backing store is full
#   Use 64 bit Java on a 64 bit OS
#   Decrease Java heap size (-Xmx/-Xms)
#   Decrease number of Java threads
#   Decrease Java thread stack sizes (-Xss)
#   Set larger code cache with -XX:ReservedCodeCacheSize=
# This output file may be truncated or incomplete.
#
#  Out of Memory Error (allocation.cpp:390), pid=15296, tid=0x0000000000003640
#
# JRE version: OpenJDK Runtime Environment (8.0_76-b03) (build 1.8.0_76-release-b03)
# Java VM: OpenJDK 64-Bit Server VM (25.76-b03 mixed mode windows-amd64 compressed oops)
# Failed to write core dump. Minidumps are not enabled by default on client versions of Windows
#

---------------  T H R E A D  ---------------

Current thread (0x00000000178d2000):  JavaThread "C2 CompilerThread0" daemon [_thread_in_native, id=13888, stack(0x00000000182c0000,0x00000000183c0000)]

Stack: [0x00000000182c0000,0x00000000183c0000]
[error occurred during error reporting (printing stack bounds), id 0xc0000005]

Native frames: (J=compiled Java code, j=interpreted, Vv=VM code, C=native code)


Current CompileTask:
C2:   3296 1898   !   4       com.android.dx.cf.code.Ropper::processBlock (1101 bytes)


---------------  P R O C E S S  ---------------

Java Threads: ( => current thread )
  0x0000000017c2c800 JavaThread "pool-2-thread-4" [_thread_in_Java, id=3000, stack(0x00000000194c0000,0x00000000195c0000)]
  0x0000000017c27000 JavaThread "pool-2-thread-3" [_thread_blocked, id=14976, stack(0x00000000193c0000,0x00000000194c0000)]
  0x0000000017b49800 JavaThread "pool-2-thread-2" [_thread_blocked, id=5224, stack(0x00000000192c0000,0x00000000193c0000)]
  0x0000000017bb0000 JavaThread "pool-3-thread-1" [_thread_blocked, id=7652, stack(0x00000000191c0000,0x00000000192c0000)]
  0x00000000189f0800 JavaThread "pool-2-thread-1" [_thread_blocked, id=10136, stack(0x00000000190c0000,0x00000000191c0000)]
  0x0000000017949000 JavaThread "Service Thread" daemon [_thread_blocked, id=6212, stack(0x00000000186c0000,0x00000000187c0000)]
  0x0000000017934800 JavaThread "C1 CompilerThread3" daemon [_thread_blocked, id=14868, stack(0x00000000185c0000,0x00000000186c0000)]
  0x0000000017914000 JavaThread "C2 CompilerThread2" daemon [_thread_in_native, id=13912, stack(0x00000000184c0000,0x00000000185c0000)]
  0x00000000178d7000 JavaThread "C2 CompilerThread1" daemon [_thread_in_native, id=10188, stack(0x00000000183c0000,0x00000000184c0000)]
=>0x00000000178d2000 JavaThread "C2 CompilerThread0" daemon [_thread_in_native, id=13888, stack(0x00000000182c0000,0x00000000183c0000)]
  0x00000000178d0800 JavaThread "Attach Listener" daemon [_thread_blocked, id=11096, stack(0x00000000181c0000,0x00000000182c0000)]
  0x0000000017884800 JavaThread "Signal Dispatcher" daemon [_thread_blocked, id=14920, stack(0x00000000180c0000,0x00000000181c0000)]
  0x0000000017870800 JavaThread "Finalizer" daemon [_thread_blocked, id=14064, stack(0x0000000017c50000,0x0000000017d50000)]
  0x0000000002e44000 JavaThread "Reference Handler" daemon [_thread_blocked, id=14652, stack(0x0000000017750000,0x0000000017850000)]
  0x0000000002d52800 JavaThread "main" [_thread_blocked, id=7864, stack(0x0000000002c50000,0x0000000002d50000)]

Other Threads:
  0x0000000015967800 VMThread [stack: 0x0000000017650000,0x0000000017750000] [id=10644]
  0x000000001794a000 WatcherThread [stack: 0x00000000187c0000,0x00000000188c0000] [id=3744]

VM state:not at safepoint (normal execution)

VM Mutex/Monitor currently owned by a thread: None

Heap:
 PSYoungGen      total 71680K, used 58604K [0x00000000eab00000, 0x00000000f3700000, 0x0000000100000000)
  eden space 66560K, 80% used [0x00000000eab00000,0x00000000edf3cde0,0x00000000eec00000)
  from space 5120K, 99% used [0x00000000eec00000,0x00000000ef0fe388,0x00000000ef100000)
  to   space 5120K, 0% used [0x00000000f3200000,0x00000000f3200000,0x00000000f3700000)
 ParOldGen       total 87552K, used 17194K [0x00000000c0000000, 0x00000000c5580000, 0x00000000eab00000)
  object space 87552K, 19% used [0x00000000c0000000,0x00000000c10ca988,0x00000000c5580000)
 Metaspace       used 6531K, capacity 7224K, committed 7296K, reserved 1056768K
  class space    used 607K, capacity 624K, committed 640K, reserved 1048576K

Card table byte_map: [0x0000000012210000,0x0000000012420000] byte_map_base: 0x0000000011c10000

Marking Bits: (ParMarkBitMap*) 0x0000000072b59d00
 Begin Bits: [0x0000000012d80000, 0x0000000013d80000)
 End Bits:   [0x0000000013d80000, 0x0000000014d80000)

Polling page: 0x0000000000fd0000

CodeCache: size=245760Kb used=7888Kb max_used=7906Kb free=237871Kb
 bounds [0x0000000002e50000, 0x0000000003610000, 0x0000000011e50000]
 total_blobs=2246 nmethods=1971 adapters=188
 compilation: enabled

Compilation events (10 events):
Event: 3.242 Thread 0x0000000017934800 2015       2       com.android.dx.ssa.LocalVariableInfo::mutableCopyOfStarts (29 bytes)
Event: 3.243 Thread 0x0000000017934800 nmethod 2015 0x00000000035ff7d0 code [0x00000000035ff960, 0x00000000035ffcf8]
Event: 3.243 Thread 0x0000000017934800 2016       2       com.android.dx.ssa.LocalVariableExtractor::processBlock (383 bytes)
Event: 3.245 Thread 0x0000000017934800 nmethod 2016 0x00000000035fff90 code [0x0000000003600300, 0x00000000036014f8]
Event: 3.246 Thread 0x0000000017934800 2017   !   2       java.util.concurrent.LinkedBlockingQueue::take (93 bytes)
Event: 3.248 Thread 0x0000000017934800 nmethod 2017 0x0000000003603590 code [0x00000000036037e0, 0x0000000003603f18]
Event: 3.250 Thread 0x0000000017934800 2018   !   2       com.android.dx.command.dexer.Main::translateClass (86 bytes)
Event: 3.251 Thread 0x0000000017934800 nmethod 2018 0x0000000003604a10 code [0x0000000003604bc0, 0x0000000003605048]
Event: 3.287 Thread 0x00000000178d7000 nmethod 1957 0x000000000360a110 code [0x000000000360a420, 0x000000000360c4d0]
Event: 3.288 Thread 0x00000000178d7000 1955       4       com.android.dx.ssa.SCCP::simulateBlock (54 bytes)

GC Heap History (6 events):
Event: 1.055 GC heap before
{Heap before GC invocations=1 (full 0):
 PSYoungGen      total 38400K, used 33280K [0x00000000eab00000, 0x00000000ed580000, 0x0000000100000000)
  eden space 33280K, 100% used [0x00000000eab00000,0x00000000ecb80000,0x00000000ecb80000)
  from space 5120K, 0% used [0x00000000ed080000,0x00000000ed080000,0x00000000ed580000)
  to   space 5120K, 0% used [0x00000000ecb80000,0x00000000ecb80000,0x00000000ed080000)
 ParOldGen       total 87552K, used 0K [0x00000000c0000000, 0x00000000c5580000, 0x00000000eab00000)
  object space 87552K, 0% used [0x00000000c0000000,0x00000000c0000000,0x00000000c5580000)
 Metaspace       used 5985K, capacity 6896K, committed 7040K, reserved 1056768K
  class space    used 583K, capacity 616K, committed 640K, reserved 1048576K
Event: 1.156 GC heap after
Heap after GC invocations=1 (full 0):
 PSYoungGen      total 38400K, used 5103K [0x00000000eab00000, 0x00000000ef600000, 0x0000000100000000)
  eden space 33280K, 0% used [0x00000000eab00000,0x00000000eab00000,0x00000000ecb80000)
  from space 5120K, 99% used [0x00000000ecb80000,0x00000000ed07bd90,0x00000000ed080000)
  to   space 5120K, 0% used [0x00000000ef100000,0x00000000ef100000,0x00000000ef600000)
 ParOldGen       total 87552K, used 1390K [0x00000000c0000000, 0x00000000c5580000, 0x00000000eab00000)
  object space 87552K, 1% used [0x00000000c0000000,0x00000000c015bb10,0x00000000c5580000)
 Metaspace       used 5985K, capacity 6896K, committed 7040K, reserved 1056768K
  class space    used 583K, capacity 616K, committed 640K, reserved 1048576K
}
Event: 1.854 GC heap before
{Heap before GC invocations=2 (full 0):
 PSYoungGen      total 38400K, used 38383K [0x00000000eab00000, 0x00000000ef600000, 0x0000000100000000)
  eden space 33280K, 100% used [0x00000000eab00000,0x00000000ecb80000,0x00000000ecb80000)
  from space 5120K, 99% used [0x00000000ecb80000,0x00000000ed07bd90,0x00000000ed080000)
  to   space 5120K, 0% used [0x00000000ef100000,0x00000000ef100000,0x00000000ef600000)
 ParOldGen       total 87552K, used 1390K [0x00000000c0000000, 0x00000000c5580000, 0x00000000eab00000)
  object space 87552K, 1% used [0x00000000c0000000,0x00000000c015bb10,0x00000000c5580000)
 Metaspace       used 6186K, capacity 7088K, committed 7296K, reserved 1056768K
  class space    used 583K, capacity 616K, committed 640K, reserved 1048576K
Event: 1.973 GC heap after
Heap after GC invocations=2 (full 0):
 PSYoungGen      total 71680K, used 5112K [0x00000000eab00000, 0x00000000ef600000, 0x0000000100000000)
  eden space 66560K, 0% used [0x00000000eab00000,0x00000000eab00000,0x00000000eec00000)
  from space 5120K, 99% used [0x00000000ef100000,0x00000000ef5fe038,0x00000000ef600000)
  to   space 5120K, 0% used [0x00000000eec00000,0x00000000eec00000,0x00000000ef100000)
 ParOldGen       total 87552K, used 6044K [0x00000000c0000000, 0x00000000c5580000, 0x00000000eab00000)
  object space 87552K, 6% used [0x00000000c0000000,0x00000000c05e71a8,0x00000000c5580000)
 Metaspace       used 6186K, capacity 7088K, committed 7296K, reserved 1056768K
  class space    used 583K, capacity 616K, committed 640K, reserved 1048576K
}
Event: 2.749 GC heap before
{Heap before GC invocations=3 (full 0):
 PSYoungGen      total 71680K, used 71672K [0x00000000eab00000, 0x00000000ef600000, 0x0000000100000000)
  eden space 66560K, 100% used [0x00000000eab00000,0x00000000eec00000,0x00000000eec00000)
  from space 5120K, 99% used [0x00000000ef100000,0x00000000ef5fe038,0x00000000ef600000)
  to   space 5120K, 0% used [0x00000000eec00000,0x00000000eec00000,0x00000000ef100000)
 ParOldGen       total 87552K, used 6044K [0x00000000c0000000, 0x00000000c5580000, 0x00000000eab00000)
  object space 87552K, 6% used [0x00000000c0000000,0x00000000c05e71a8,0x00000000c5580000)
 Metaspace       used 6450K, capacity 7158K, committed 7296K, reserved 1056768K
  class space    used 604K, capacity 622K, committed 640K, reserved 1048576K
Event: 2.842 GC heap after
Heap after GC invocations=3 (full 0):
 PSYoungGen      total 71680K, used 5112K [0x00000000eab00000, 0x00000000f3700000, 0x0000000100000000)
  eden space 66560K, 0% used [0x00000000eab00000,0x00000000eab00000,0x00000000eec00000)
  from space 5120K, 99% used [0x00000000eec00000,0x00000000ef0fe388,0x00000000ef100000)
  to   space 5120K, 0% used [0x00000000f3200000,0x00000000f3200000,0x00000000f3700000)
 ParOldGen       total 87552K, used 17194K [0x00000000c0000000, 0x00000000c5580000, 0x00000000eab00000)
  object space 87552K, 19% used [0x00000000c0000000,0x00000000c10ca988,0x00000000c5580000)
 Metaspace       used 6450K, capacity 7158K, committed 7296K, reserved 1056768K
  class space    used 604K, capacity 622K, committed 640K, reserved 1048576K
}

Deoptimization events (10 events):
Event: 1.729 Thread 0x0000000017c2c800 Uncommon trap: reason=class_check action=maybe_recompile pc=0x0000000003380c50 method=com.android.dx.ssa.SCCP.simulatePhi(Lcom/android/dx/ssa/PhiInsn;)V @ 124
Event: 2.068 Thread 0x0000000017b49800 Uncommon trap: reason=unstable_if action=reinterpret pc=0x0000000003449124 method=com.android.dx.rop.code.DexTranslationAdvice.requiresSourcesInOrder(Lcom/android/dx/rop/code/Rop;Lcom/android/dx/rop/code/RegisterSpecList;)Z @ 21
Event: 2.504 Thread 0x0000000017c2c800 Uncommon trap: reason=unstable_if action=reinterpret pc=0x000000000350daf4 method=com.android.dx.ssa.Dominators.run()V @ 346
Event: 2.522 Thread 0x0000000017b49800 Uncommon trap: reason=unstable_if action=reinterpret pc=0x000000000313f530 method=java.util.HashMap.putVal(ILjava/lang/Object;Ljava/lang/Object;ZZ)Ljava/lang/Object; @ 162
Event: 2.526 Thread 0x0000000017b49800 Uncommon trap: reason=unstable_if action=reinterpret pc=0x00000000030f8338 method=java.util.HashMap.getNode(ILjava/lang/Object;)Ljava/util/HashMap$Node; @ 84
Event: 2.539 Thread 0x0000000017c2c800 Uncommon trap: reason=unstable_if action=reinterpret pc=0x00000000030860c8 method=java.util.HashMap.getNode(ILjava/lang/Object;)Ljava/util/HashMap$Node; @ 84
Event: 2.959 Thread 0x0000000017b49800 Uncommon trap: reason=unstable_if action=reinterpret pc=0x00000000033c4c14 method=com.android.dx.ssa.MoveParamCombiner$1.visitNonMoveInsn(Lcom/android/dx/ssa/NormalSsaInsn;)V @ 27
Event: 3.022 Thread 0x0000000017c27000 Uncommon trap: reason=unstable_if action=reinterpret pc=0x000000000357eb40 method=java.util.HashMap.putVal(ILjava/lang/Object;Ljava/lang/Object;ZZ)Ljava/lang/Object; @ 109
Event: 3.091 Thread 0x0000000017c2c800 Uncommon trap: reason=unstable_if action=reinterpret pc=0x0000000003195598 method=com.android.dx.rop.code.RegisterSpec.equals(ILcom/android/dx/rop/type/TypeBearer;Lcom/android/dx/rop/code/LocalItem;)Z @ 42
Event: 3.240 Thread 0x0000000017c2c800 Uncommon trap: reason=unstable_if action=reinterpret pc=0x000000000347dae0 method=com.android.dx.ssa.LocalVariableExtractor.processBlock(I)V @ 251

Internal exceptions (6 events):
Event: 0.031 Thread 0x0000000002d52800 Exception <a 'java/lang/NoSuchMethodError': Method sun.misc.Unsafe.defineClass(Ljava/lang/String;[BII)Ljava/lang/Class; name or signature does not match> (0x00000000eab07cc0) thrown at [C:\src\android\AOSP-openjdk\external\jetbrains\jdk\hotspot\src\share\v[$«{@ ?
Event: 0.031 Thread 0x0000000002d52800 Exception <a 'java/lang/NoSuchMethodError': Method sun.misc.Unsafe.prefetchRead(Ljava/lang/Object;J)V name or signature does not match> (0x00000000eab07fa8) thrown at [C:\src\android\AOSP-openjdk\external\jetbrains\jdk\hotspot\src\share\vm\prims\jni.cpp, lPa7.ƒÆó?
Event: 1.236 Thread 0x00000000189f0800 Implicit null exception at 0x000000000317dd22 to 0x000000000317de1a
Event: 2.524 Thread 0x0000000017b49800 Exception <a 'java/lang/ArrayIndexOutOfBoundsException': 18> (0x00000000ebcc47b0) thrown at [C:\src\android\AOSP-openjdk\external\jetbrains\jdk\hotspot\src\share\vm\interpreter\interpreterRuntime.cpp, line 366]
Event: 2.525 Thread 0x0000000017b49800 Exception <a 'java/lang/ArrayIndexOutOfBoundsException': 145> (0x00000000ebcc6330) thrown at [C:\src\android\AOSP-openjdk\external\jetbrains\jdk\hotspot\src\share\vm\interpreter\interpreterRuntime.cpp, line 366]
Event: 2.525 Thread 0x0000000017b49800 Exception <a 'java/lang/ArrayIndexOutOfBoundsException'> (0x00000000ebcc7618) thrown at [C:\src\android\AOSP-openjdk\external\jetbrains\jdk\hotspot\src\share\vm\runtime\sharedRuntime.cpp, line 605]

Events (10 events):
Event: 2.959 Thread 0x0000000017b49800 DEOPT UNPACKING pc=0x0000000002e9556a sp=0x00000000193be9c8 mode 2
Event: 3.021 Thread 0x0000000017c27000 Uncommon trap: trap_request=0xffffff65 fr.pc=0x000000000357eb40
Event: 3.022 Thread 0x0000000017c27000 DEOPT PACKING pc=0x000000000357eb40 sp=0x00000000194be8d0
Event: 3.022 Thread 0x0000000017c27000 DEOPT UNPACKING pc=0x0000000002e9556a sp=0x00000000194be778 mode 2
Event: 3.091 Thread 0x0000000017c2c800 Uncommon trap: trap_request=0xffffff65 fr.pc=0x0000000003195598
Event: 3.091 Thread 0x0000000017c2c800 DEOPT PACKING pc=0x0000000003195598 sp=0x00000000195be5e0
Event: 3.091 Thread 0x0000000017c2c800 DEOPT UNPACKING pc=0x0000000002e9556a sp=0x00000000195be490 mode 2
Event: 3.240 Thread 0x0000000017c2c800 Uncommon trap: trap_request=0xffffff65 fr.pc=0x000000000347dae0
Event: 3.240 Thread 0x0000000017c2c800 DEOPT PACKING pc=0x000000000347dae0 sp=0x00000000195be850
Event: 3.240 Thread 0x0000000017c2c800 DEOPT UNPACKING pc=0x0000000002e9556a sp=0x00000000195be830 mode 2


Dynamic libraries:
0x00007ff7a73d0000 - 0x00007ff7a7401000 	F:\Android\Android studio\jre\bin\java.exe
0x00007ffbba0c0000 - 0x00007ffbba26d000 	C:\Windows\SYSTEM32\ntdll.dll
0x00007ffbb80a0000 - 0x00007ffbb81da000 	C:\Windows\system32\KERNEL32.DLL
0x00007ffbb7080000 - 0x00007ffbb7195000 	C:\Windows\system32\KERNELBASE.dll
0x00007ffbb9960000 - 0x00007ffbb9a0a000 	C:\Windows\system32\ADVAPI32.dll
0x00007ffbb7f20000 - 0x00007ffbb8097000 	C:\Windows\system32\USER32.dll
0x00007ffbb4c50000 - 0x00007ffbb4eca000 	C:\Windows\WinSxS\amd64_microsoft.windows.common-controls_6595b64144ccf1df_6.0.9600.17810_none_6240b9c7ecbd0bda\COMCTL32.dll
0x00007ffbb7e70000 - 0x00007ffbb7f17000 	C:\Windows\system32\msvcrt.dll
0x00007ffbb9c30000 - 0x00007ffbb9c89000 	C:\Windows\SYSTEM32\sechost.dll
0x00007ffbb7c70000 - 0x00007ffbb7db0000 	C:\Windows\system32\RPCRT4.dll
0x00007ffbb8220000 - 0x00007ffbb836b000 	C:\Windows\system32\GDI32.dll
0x00007ffbb6f90000 - 0x00007ffbb6fbe000 	C:\Windows\system32\SspiCli.dll
0x00007ffbb81e0000 - 0x00007ffbb8214000 	C:\Windows\system32\IMM32.DLL
0x00007ffbb7560000 - 0x00007ffbb76b1000 	C:\Windows\system32\MSCTF.dll
0x0000000072be0000 - 0x0000000072cb2000 	F:\Android\Android studio\jre\jre\bin\msvcr100.dll
0x00000000723a0000 - 0x0000000072bd4000 	F:\Android\Android studio\jre\jre\bin\server\jvm.dll
0x00007ffb8f6a0000 - 0x00007ffb8f6a9000 	C:\Windows\SYSTEM32\WSOCK32.dll
0x00007ffbb7430000 - 0x00007ffbb744f000 	C:\Windows\system32\WINMM.dll
0x00007ffbb3df0000 - 0x00007ffbb3dfa000 	C:\Windows\SYSTEM32\VERSION.dll
0x00007ffbb9a10000 - 0x00007ffbb9a17000 	C:\Windows\system32\PSAPI.DLL
0x00007ffbb9b20000 - 0x00007ffbb9b7a000 	C:\Windows\system32\WS2_32.dll
0x00007ffbb6f40000 - 0x00007ffbb6f6a000 	C:\Windows\system32\WINMMBASE.dll
0x00007ffbb9950000 - 0x00007ffbb9959000 	C:\Windows\system32\NSI.dll
0x00007ffbb71a0000 - 0x00007ffbb71ea000 	C:\Windows\SYSTEM32\cfgmgr32.dll
0x00007ffbb6f10000 - 0x00007ffbb6f36000 	C:\Windows\system32\DEVOBJ.dll
0x00007ffbb1390000 - 0x00007ffbb139f000 	F:\Android\Android studio\jre\jre\bin\verify.dll
0x00007ffb92bd0000 - 0x00007ffb92bf9000 	F:\Android\Android studio\jre\jre\bin\java.dll
0x00007ffb9b8c0000 - 0x00007ffb9b8d6000 	F:\Android\Android studio\jre\jre\bin\zip.dll
0x00007ffbb8370000 - 0x00007ffbb9899000 	C:\Windows\system32\SHELL32.dll
0x00007ffbb9ea0000 - 0x00007ffbba0b2000 	C:\Windows\SYSTEM32\combase.dll
0x00007ffbb7db0000 - 0x00007ffbb7e01000 	C:\Windows\system32\SHLWAPI.dll
0x00007ffbb54b0000 - 0x00007ffbb554f000 	C:\Windows\SYSTEM32\SHCORE.dll
0x00007ffbb6e60000 - 0x00007ffbb6e74000 	C:\Windows\SYSTEM32\profapi.dll

VM Arguments:
jvm_args: -Djava.awt.headless=true -Xmx1024M -Dfile.encoding=GBK -Duser.country=CN -Duser.language=zh -Duser.variant 
java_command: com.android.dx.command.Main --dex --force-jumbo --num-threads=4 --multi-dex --output F:\Android\code\AgendaCalendarView-v.1.0.3\noteapp\build\intermediates\transforms\dex\debug\folders\1000\10\google-collections-1.0-rc2_72706c3c5413a432a829f0593c96ce8a82c71f50 C:\Users\27758_000\.gradle\caches\modules-2\files-2.1\com.google.collections\google-collections\1.0-rc2\9cebebe5d264eb81233027742f776c0d85ce3d6c\google-collections-1.0-rc2.jar
java_class_path (initial): F:\BF\AppData\Local\Android\sdk\build-tools\26.0.0\lib\dx.jar
Launcher Type: SUN_STANDARD

Environment Variables:
CLASSPATH=.;%JAVA_HOME%\lib;%JAVA_HOME%\lib\tools.jar
PATH=C:\Program Files (x86)\Java\jdk1.8.0_144\bin;C:\Program Files (x86)\Java\jdk1.8.0_144\jre\bin;C:\ProgramData\Oracle\Java\javapath;%JAVA_HOME%\bin;%JAVA_HOME%\jre\bin;C:\Program Files (x86)\NVIDIA Corporation\PhysX\Common;C:\Program Files (x86)\Intel\iCLS Client\;C:\Program Files\Intel\iCLS Client\;C:\Windows\system32;C:\Windows;C:\Windows\System32\Wbem;C:\Windows\System32\WindowsPowerShell\v1.0\;C:\Program Files\Intel\Intel(R) Management Engine Components\DAL;C:\Program Files (x86)\Intel\Intel(R) Management Engine Components\DAL;C:\Program Files\Intel\Intel(R) Management Engine Components\IPT;C:\Program Files (x86)\Intel\Intel(R) Management Engine Components\IPT;C:\Program Files (x86)\GtkSharp\2.12\bin;D:\Mevan\apache-maven-3.5.2\bin;D:\Matlab\runtime\win64;D:\Matlab\bin;D:\Matlab\polyspace\bin;C:\Program Files\Microsoft SQL Server\110\DTS\Binn\;C:\Program Files (x86)\Microsoft SQL Server\110\Tools\Binn\;C:\Program Files\Microsoft SQL Server\110\Tools\Binn\;C:\Program Files (x86)\Microsoft SQL Server\110\Tools\Binn\ManagementStudio\;C:\Program Files (x86)\Microsoft Visual Studio 10.0\Common7\IDE\PrivateAssemblies\;C:\Program Files (x86)\Microsoft SQL Server\110\DTS\Binn\
USERNAME=27758_000
OS=Windows_NT
PROCESSOR_IDENTIFIER=Intel64 Family 6 Model 60 Stepping 3, GenuineIntel



---------------  S Y S T E M  ---------------

OS: Windows 8.1 , 64 bit Build 9600 (6.3.9600.17056)

CPU:total 8 (4 cores per cpu, 2 threads per core) family 6 model 60 stepping 3, cmov, cx8, fxsr, mmx, sse, sse2, sse3, ssse3, sse4.1, sse4.2, popcnt, avx, avx2, aes, clmul, erms, lzcnt, ht, tsc, tscinvbit, bmi1, bmi2

Memory: 4k page, physical 8274896k(1439712k free), swap 11420624k(5496k free)

vm_info: OpenJDK 64-Bit Server VM (25.76-b03) for windows-amd64 JRE (1.8.0_76-release-b03), built on Jun 29 2016 19:09:20 by "ralucas" with MS VC++ 10.0 (VS2010)

time: Wed Dec 06 20:46:10 2017
elapsed time: 3 seconds (0d 0h 0m 3s)

